Determining if the pthread_create exist failed with the following output:
Change Dir: /home/zach/Documents/15418/final/Combined/src/VRRayTracing/src/CMakeFiles/CMakeTmp

Run Build Command:"/usr/bin/gmake" "cmTC_f16ab/fast"
/usr/bin/gmake -f CMakeFiles/cmTC_f16ab.dir/build.make CMakeFiles/cmTC_f16ab.dir/build
gmake[1]: Entering directory '/media/Documents/15418/final/Combined/src/VRRayTracing/src/CMakeFiles/CMakeTmp'
Building C object CMakeFiles/cmTC_f16ab.dir/CheckSymbolExists.c.o
/usr/bin/cc   -fPIC    -o CMakeFiles/cmTC_f16ab.dir/CheckSymbolExists.c.o   -c /home/zach/Documents/15418/final/Combined/src/VRRayTracing/src/CMakeFiles/CMakeTmp/CheckSymbolExists.c
Linking C executable cmTC_f16ab
/usr/bin/cmake -E cmake_link_script CMakeFiles/cmTC_f16ab.dir/link.txt --verbose=1
/usr/bin/cc  -fPIC     CMakeFiles/cmTC_f16ab.dir/CheckSymbolExists.c.o  -o cmTC_f16ab -rdynamic 
CMakeFiles/cmTC_f16ab.dir/CheckSymbolExists.c.o: In function `main':
CheckSymbolExists.c:(.text+0x1b): undefined reference to `pthread_create'
collect2: error: ld returned 1 exit status
CMakeFiles/cmTC_f16ab.dir/build.make:97: recipe for target 'cmTC_f16ab' failed
gmake[1]: *** [cmTC_f16ab] Error 1
gmake[1]: Leaving directory '/media/Documents/15418/final/Combined/src/VRRayTracing/src/CMakeFiles/CMakeTmp'
Makefile:126: recipe for target 'cmTC_f16ab/fast' failed
gmake: *** [cmTC_f16ab/fast] Error 2

File /home/zach/Documents/15418/final/Combined/src/VRRayTracing/src/CMakeFiles/CMakeTmp/CheckSymbolExists.c:
/* */
#include <pthread.h>

int main(int argc, char** argv)
{
  (void)argv;
#ifndef pthread_create
  return ((int*)(&pthread_create))[argc];
#else
  (void)argc;
  return 0;
#endif
}

Determining if the function pthread_create exists in the pthreads failed with the following output:
Change Dir: /home/zach/Documents/15418/final/Combined/src/VRRayTracing/src/CMakeFiles/CMakeTmp

Run Build Command:"/usr/bin/gmake" "cmTC_7c233/fast"
/usr/bin/gmake -f CMakeFiles/cmTC_7c233.dir/build.make CMakeFiles/cmTC_7c233.dir/build
gmake[1]: Entering directory '/media/Documents/15418/final/Combined/src/VRRayTracing/src/CMakeFiles/CMakeTmp'
Building C object CMakeFiles/cmTC_7c233.dir/CheckFunctionExists.c.o
/usr/bin/cc   -fPIC -DCHECK_FUNCTION_EXISTS=pthread_create   -o CMakeFiles/cmTC_7c233.dir/CheckFunctionExists.c.o   -c /usr/share/cmake/Modules/CheckFunctionExists.c
Linking C executable cmTC_7c233
/usr/bin/cmake -E cmake_link_script CMakeFiles/cmTC_7c233.dir/link.txt --verbose=1
/usr/bin/cc  -fPIC -DCHECK_FUNCTION_EXISTS=pthread_create    CMakeFiles/cmTC_7c233.dir/CheckFunctionExists.c.o  -o cmTC_7c233 -rdynamic -lpthreads 
/usr/bin/ld: cannot find -lpthreads
collect2: error: ld returned 1 exit status
CMakeFiles/cmTC_7c233.dir/build.make:97: recipe for target 'cmTC_7c233' failed
gmake[1]: *** [cmTC_7c233] Error 1
gmake[1]: Leaving directory '/media/Documents/15418/final/Combined/src/VRRayTracing/src/CMakeFiles/CMakeTmp'
Makefile:126: recipe for target 'cmTC_7c233/fast' failed
gmake: *** [cmTC_7c233/fast] Error 2


