Compiling the C compiler identification source file "CMakeCCompilerId.c" failed.
Compiler: /usr/local/bin/cc 
Build flags: 
Id flags: 

The output was:
No such file or directory


Compiling the C compiler identification source file "CMakeCCompilerId.c" failed.
Compiler: /usr/local/bin/cc 
Build flags: 
Id flags: -c

The output was:
No such file or directory


Compiling the C compiler identification source file "CMakeCCompilerId.c" failed.
Compiler: /usr/local/bin/cc 
Build flags: 
Id flags: -Aa

The output was:
No such file or directory


Checking whether the C compiler is IAR using "" did not match "IAR .+ Compiler":
Determining if the pthread_create exist failed with the following output:
Change Dir: /home/zach/Documents/15418/final/Combined/CMakeFiles/CMakeTmp

Run Build Command:"/usr/bin/gmake" "cmTC_7e473/fast"
gmake[1]: Entering directory '/media/Documents/15418/final/Combined/CMakeFiles/CMakeTmp'
/usr/bin/gmake -f CMakeFiles/cmTC_7e473.dir/build.make CMakeFiles/cmTC_7e473.dir/build
gmake[2]: Entering directory '/media/Documents/15418/final/Combined/CMakeFiles/CMakeTmp'
Building C object CMakeFiles/cmTC_7e473.dir/CheckSymbolExists.c.o
/usr/local/bin/gcc   -fPIC    -o CMakeFiles/cmTC_7e473.dir/CheckSymbolExists.c.o   -c /home/zach/Documents/15418/final/Combined/CMakeFiles/CMakeTmp/CheckSymbolExists.c
Linking C executable cmTC_7e473
/usr/bin/cmake -E cmake_link_script CMakeFiles/cmTC_7e473.dir/link.txt --verbose=1
/usr/local/bin/gcc  -fPIC     CMakeFiles/cmTC_7e473.dir/CheckSymbolExists.c.o  -o cmTC_7e473 -rdynamic 
CMakeFiles/cmTC_7e473.dir/CheckSymbolExists.c.o: In function `main':
CheckSymbolExists.c:(.text+0x1b): undefined reference to `pthread_create'
collect2: error: ld returned 1 exit status
CMakeFiles/cmTC_7e473.dir/build.make:97: recipe for target 'cmTC_7e473' failed
gmake[2]: *** [cmTC_7e473] Error 1
gmake[2]: Leaving directory '/media/Documents/15418/final/Combined/CMakeFiles/CMakeTmp'
Makefile:126: recipe for target 'cmTC_7e473/fast' failed
gmake[1]: Leaving directory '/media/Documents/15418/final/Combined/CMakeFiles/CMakeTmp'
gmake[1]: *** [cmTC_7e473/fast] Error 2

File /home/zach/Documents/15418/final/Combined/CMakeFiles/CMakeTmp/CheckSymbolExists.c:
/* */
#include <pthread.h>

int main(int argc, char** argv)
{
  (void)argv;
#ifndef pthread_create
  return ((int*)(&pthread_create))[argc];
#else
  (void)argc;
  return 0;
#endif
}

Determining if the function pthread_create exists in the pthreads failed with the following output:
Change Dir: /home/zach/Documents/15418/final/Combined/CMakeFiles/CMakeTmp

Run Build Command:"/usr/bin/gmake" "cmTC_99201/fast"
gmake[1]: Entering directory '/media/Documents/15418/final/Combined/CMakeFiles/CMakeTmp'
/usr/bin/gmake -f CMakeFiles/cmTC_99201.dir/build.make CMakeFiles/cmTC_99201.dir/build
gmake[2]: Entering directory '/media/Documents/15418/final/Combined/CMakeFiles/CMakeTmp'
Building C object CMakeFiles/cmTC_99201.dir/CheckFunctionExists.c.o
/usr/local/bin/gcc   -fPIC -DCHECK_FUNCTION_EXISTS=pthread_create   -o CMakeFiles/cmTC_99201.dir/CheckFunctionExists.c.o   -c /usr/share/cmake/Modules/CheckFunctionExists.c
Linking C executable cmTC_99201
/usr/bin/cmake -E cmake_link_script CMakeFiles/cmTC_99201.dir/link.txt --verbose=1
/usr/local/bin/gcc  -fPIC -DCHECK_FUNCTION_EXISTS=pthread_create    CMakeFiles/cmTC_99201.dir/CheckFunctionExists.c.o  -o cmTC_99201 -rdynamic -lpthreads 
/usr/bin/ld: cannot find -lpthreads
collect2: error: ld returned 1 exit status
CMakeFiles/cmTC_99201.dir/build.make:97: recipe for target 'cmTC_99201' failed
gmake[2]: *** [cmTC_99201] Error 1
gmake[2]: Leaving directory '/media/Documents/15418/final/Combined/CMakeFiles/CMakeTmp'
Makefile:126: recipe for target 'cmTC_99201/fast' failed
gmake[1]: *** [cmTC_99201/fast] Error 2
gmake[1]: Leaving directory '/media/Documents/15418/final/Combined/CMakeFiles/CMakeTmp'


