The system is: Linux - 4.4.6-201.fc22.x86_64 - x86_64
Compiling the CXX compiler identification source file "CMakeCXXCompilerId.cpp" succeeded.
Compiler: /usr/local/bin/g++ 
Build flags: 
Id flags: 

The output was:
0


Compilation of the CXX compiler identification source "CMakeCXXCompilerId.cpp" produced "a.out"

The CXX compiler identification is GNU, found in "/home/zach/Documents/15418/final/Combined/CMakeFiles/3.3.2/CompilerIdCXX/a.out"

Determining if the CXX compiler works passed with the following output:
Change Dir: /home/zach/Documents/15418/final/Combined/CMakeFiles/CMakeTmp

Run Build Command:"/usr/bin/gmake" "cmTC_a6893/fast"
/usr/bin/gmake -f CMakeFiles/cmTC_a6893.dir/build.make CMakeFiles/cmTC_a6893.dir/build
gmake[1]: Entering directory '/media/Documents/15418/final/Combined/CMakeFiles/CMakeTmp'
Building CXX object CMakeFiles/cmTC_a6893.dir/testCXXCompiler.cxx.o
/usr/local/bin/g++     -o CMakeFiles/cmTC_a6893.dir/testCXXCompiler.cxx.o -c /home/zach/Documents/15418/final/Combined/CMakeFiles/CMakeTmp/testCXXCompiler.cxx
Linking CXX executable cmTC_a6893
/usr/bin/cmake -E cmake_link_script CMakeFiles/cmTC_a6893.dir/link.txt --verbose=1
/usr/local/bin/g++        CMakeFiles/cmTC_a6893.dir/testCXXCompiler.cxx.o  -o cmTC_a6893 -rdynamic 
gmake[1]: Leaving directory '/media/Documents/15418/final/Combined/CMakeFiles/CMakeTmp'


Detecting CXX compiler ABI info compiled with the following output:
Change Dir: /home/zach/Documents/15418/final/Combined/CMakeFiles/CMakeTmp

Run Build Command:"/usr/bin/gmake" "cmTC_7834d/fast"
/usr/bin/gmake -f CMakeFiles/cmTC_7834d.dir/build.make CMakeFiles/cmTC_7834d.dir/build
gmake[1]: Entering directory '/media/Documents/15418/final/Combined/CMakeFiles/CMakeTmp'
Building CXX object CMakeFiles/cmTC_7834d.dir/CMakeCXXCompilerABI.cpp.o
/usr/local/bin/g++     -o CMakeFiles/cmTC_7834d.dir/CMakeCXXCompilerABI.cpp.o -c /usr/share/cmake/Modules/CMakeCXXCompilerABI.cpp
Linking CXX executable cmTC_7834d
/usr/bin/cmake -E cmake_link_script CMakeFiles/cmTC_7834d.dir/link.txt --verbose=1
/usr/local/bin/g++       -v CMakeFiles/cmTC_7834d.dir/CMakeCXXCompilerABI.cpp.o  -o cmTC_7834d -rdynamic  
Using built-in specs.
COLLECT_GCC=/usr/local/bin/g++
COLLECT_LTO_WRAPPER=/usr/local/libexec/gcc/x86_64-unknown-linux-gnu/4.9.3/lto-wrapper
Target: x86_64-unknown-linux-gnu
Configured with: ./configure
Thread model: posix
gcc version 4.9.3 (GCC) 
COMPILER_PATH=/usr/local/libexec/gcc/x86_64-unknown-linux-gnu/4.9.3/:/usr/local/libexec/gcc/x86_64-unknown-linux-gnu/4.9.3/:/usr/local/libexec/gcc/x86_64-unknown-linux-gnu/:/usr/local/lib/gcc/x86_64-unknown-linux-gnu/4.9.3/:/usr/local/lib/gcc/x86_64-unknown-linux-gnu/
LIBRARY_PATH=/usr/lib64/../lib64/:/usr/local/lib/gcc/x86_64-unknown-linux-gnu/4.9.3/:/usr/local/lib/gcc/x86_64-unknown-linux-gnu/4.9.3/../../../../lib64/:/lib/../lib64/:/usr/lib/../lib64/:/usr/lib64/:./:/usr/local/lib/gcc/x86_64-unknown-linux-gnu/4.9.3/../../../:/lib/:/usr/lib/
COLLECT_GCC_OPTIONS='-v' '-o' 'cmTC_7834d' '-rdynamic' '-shared-libgcc' '-mtune=generic' '-march=x86-64'
 /usr/local/libexec/gcc/x86_64-unknown-linux-gnu/4.9.3/collect2 --eh-frame-hdr -m elf_x86_64 -export-dynamic -dynamic-linker /lib64/ld-linux-x86-64.so.2 -o cmTC_7834d /usr/lib64/../lib64/crt1.o /usr/lib64/../lib64/crti.o /usr/local/lib/gcc/x86_64-unknown-linux-gnu/4.9.3/crtbegin.o -L/usr/lib64/../lib64 -L/usr/local/lib/gcc/x86_64-unknown-linux-gnu/4.9.3 -L/usr/local/lib/gcc/x86_64-unknown-linux-gnu/4.9.3/../../../../lib64 -L/lib/../lib64 -L/usr/lib/../lib64 -L/usr/lib64 -L. -L/usr/local/lib/gcc/x86_64-unknown-linux-gnu/4.9.3/../../.. CMakeFiles/cmTC_7834d.dir/CMakeCXXCompilerABI.cpp.o -lstdc++ -lm -lgcc_s -lgcc -lc -lgcc_s -lgcc /usr/local/lib/gcc/x86_64-unknown-linux-gnu/4.9.3/crtend.o /usr/lib64/../lib64/crtn.o
gmake[1]: Leaving directory '/media/Documents/15418/final/Combined/CMakeFiles/CMakeTmp'


Parsed CXX implicit link information from above output:
  link line regex: [^( *|.*[/\])(ld|([^/\]+-)?ld|collect2)[^/\]*( |$)]
  ignore line: [Change Dir: /home/zach/Documents/15418/final/Combined/CMakeFiles/CMakeTmp]
  ignore line: []
  ignore line: [Run Build Command:"/usr/bin/gmake" "cmTC_7834d/fast"]
  ignore line: [/usr/bin/gmake -f CMakeFiles/cmTC_7834d.dir/build.make CMakeFiles/cmTC_7834d.dir/build]
  ignore line: [gmake[1]: Entering directory '/media/Documents/15418/final/Combined/CMakeFiles/CMakeTmp']
  ignore line: [Building CXX object CMakeFiles/cmTC_7834d.dir/CMakeCXXCompilerABI.cpp.o]
  ignore line: [/usr/local/bin/g++     -o CMakeFiles/cmTC_7834d.dir/CMakeCXXCompilerABI.cpp.o -c /usr/share/cmake/Modules/CMakeCXXCompilerABI.cpp]
  ignore line: [Linking CXX executable cmTC_7834d]
  ignore line: [/usr/bin/cmake -E cmake_link_script CMakeFiles/cmTC_7834d.dir/link.txt --verbose=1]
  ignore line: [/usr/local/bin/g++       -v CMakeFiles/cmTC_7834d.dir/CMakeCXXCompilerABI.cpp.o  -o cmTC_7834d -rdynamic  ]
  ignore line: [Using built-in specs.]
  ignore line: [COLLECT_GCC=/usr/local/bin/g++]
  ignore line: [COLLECT_LTO_WRAPPER=/usr/local/libexec/gcc/x86_64-unknown-linux-gnu/4.9.3/lto-wrapper]
  ignore line: [Target: x86_64-unknown-linux-gnu]
  ignore line: [Configured with: ./configure]
  ignore line: [Thread model: posix]
  ignore line: [gcc version 4.9.3 (GCC) ]
  ignore line: [COMPILER_PATH=/usr/local/libexec/gcc/x86_64-unknown-linux-gnu/4.9.3/:/usr/local/libexec/gcc/x86_64-unknown-linux-gnu/4.9.3/:/usr/local/libexec/gcc/x86_64-unknown-linux-gnu/:/usr/local/lib/gcc/x86_64-unknown-linux-gnu/4.9.3/:/usr/local/lib/gcc/x86_64-unknown-linux-gnu/]
  ignore line: [LIBRARY_PATH=/usr/lib64/../lib64/:/usr/local/lib/gcc/x86_64-unknown-linux-gnu/4.9.3/:/usr/local/lib/gcc/x86_64-unknown-linux-gnu/4.9.3/../../../../lib64/:/lib/../lib64/:/usr/lib/../lib64/:/usr/lib64/:./:/usr/local/lib/gcc/x86_64-unknown-linux-gnu/4.9.3/../../../:/lib/:/usr/lib/]
  ignore line: [COLLECT_GCC_OPTIONS='-v' '-o' 'cmTC_7834d' '-rdynamic' '-shared-libgcc' '-mtune=generic' '-march=x86-64']
  link line: [ /usr/local/libexec/gcc/x86_64-unknown-linux-gnu/4.9.3/collect2 --eh-frame-hdr -m elf_x86_64 -export-dynamic -dynamic-linker /lib64/ld-linux-x86-64.so.2 -o cmTC_7834d /usr/lib64/../lib64/crt1.o /usr/lib64/../lib64/crti.o /usr/local/lib/gcc/x86_64-unknown-linux-gnu/4.9.3/crtbegin.o -L/usr/lib64/../lib64 -L/usr/local/lib/gcc/x86_64-unknown-linux-gnu/4.9.3 -L/usr/local/lib/gcc/x86_64-unknown-linux-gnu/4.9.3/../../../../lib64 -L/lib/../lib64 -L/usr/lib/../lib64 -L/usr/lib64 -L. -L/usr/local/lib/gcc/x86_64-unknown-linux-gnu/4.9.3/../../.. CMakeFiles/cmTC_7834d.dir/CMakeCXXCompilerABI.cpp.o -lstdc++ -lm -lgcc_s -lgcc -lc -lgcc_s -lgcc /usr/local/lib/gcc/x86_64-unknown-linux-gnu/4.9.3/crtend.o /usr/lib64/../lib64/crtn.o]
    arg [/usr/local/libexec/gcc/x86_64-unknown-linux-gnu/4.9.3/collect2] ==> ignore
    arg [--eh-frame-hdr] ==> ignore
    arg [-m] ==> ignore
    arg [elf_x86_64] ==> ignore
    arg [-export-dynamic] ==> ignore
    arg [-dynamic-linker] ==> ignore
    arg [/lib64/ld-linux-x86-64.so.2] ==> ignore
    arg [-o] ==> ignore
    arg [cmTC_7834d] ==> ignore
    arg [/usr/lib64/../lib64/crt1.o] ==> ignore
    arg [/usr/lib64/../lib64/crti.o] ==> ignore
    arg [/usr/local/lib/gcc/x86_64-unknown-linux-gnu/4.9.3/crtbegin.o] ==> ignore
    arg [-L/usr/lib64/../lib64] ==> dir [/usr/lib64/../lib64]
    arg [-L/usr/local/lib/gcc/x86_64-unknown-linux-gnu/4.9.3] ==> dir [/usr/local/lib/gcc/x86_64-unknown-linux-gnu/4.9.3]
    arg [-L/usr/local/lib/gcc/x86_64-unknown-linux-gnu/4.9.3/../../../../lib64] ==> dir [/usr/local/lib/gcc/x86_64-unknown-linux-gnu/4.9.3/../../../../lib64]
    arg [-L/lib/../lib64] ==> dir [/lib/../lib64]
    arg [-L/usr/lib/../lib64] ==> dir [/usr/lib/../lib64]
    arg [-L/usr/lib64] ==> dir [/usr/lib64]
    arg [-L.] ==> ignore
    arg [-L/usr/local/lib/gcc/x86_64-unknown-linux-gnu/4.9.3/../../..] ==> dir [/usr/local/lib/gcc/x86_64-unknown-linux-gnu/4.9.3/../../..]
    arg [CMakeFiles/cmTC_7834d.dir/CMakeCXXCompilerABI.cpp.o] ==> ignore
    arg [-lstdc++] ==> lib [stdc++]
    arg [-lm] ==> lib [m]
    arg [-lgcc_s] ==> lib [gcc_s]
    arg [-lgcc] ==> lib [gcc]
    arg [-lc] ==> lib [c]
    arg [-lgcc_s] ==> lib [gcc_s]
    arg [-lgcc] ==> lib [gcc]
    arg [/usr/local/lib/gcc/x86_64-unknown-linux-gnu/4.9.3/crtend.o] ==> ignore
    arg [/usr/lib64/../lib64/crtn.o] ==> ignore
  remove lib [gcc_s]
  remove lib [gcc]
  remove lib [gcc_s]
  remove lib [gcc]
  collapse library dir [/usr/lib64/../lib64] ==> [/usr/lib64]
  collapse library dir [/usr/local/lib/gcc/x86_64-unknown-linux-gnu/4.9.3] ==> [/usr/local/lib/gcc/x86_64-unknown-linux-gnu/4.9.3]
  collapse library dir [/usr/local/lib/gcc/x86_64-unknown-linux-gnu/4.9.3/../../../../lib64] ==> [/usr/local/lib64]
  collapse library dir [/lib/../lib64] ==> [/lib64]
  collapse library dir [/usr/lib/../lib64] ==> [/usr/lib64]
  collapse library dir [/usr/lib64] ==> [/usr/lib64]
  collapse library dir [/usr/local/lib/gcc/x86_64-unknown-linux-gnu/4.9.3/../../..] ==> [/usr/local/lib]
  implicit libs: [stdc++;m;c]
  implicit dirs: [/usr/lib64;/usr/local/lib/gcc/x86_64-unknown-linux-gnu/4.9.3;/usr/local/lib64;/lib64;/usr/local/lib]
  implicit fwks: []




Detecting CXX [-std=c++14] compiler features compiled with the following output:
Change Dir: /home/zach/Documents/15418/final/Combined/CMakeFiles/CMakeTmp

Run Build Command:"/usr/bin/gmake" "cmTC_39ba2/fast"
/usr/bin/gmake -f CMakeFiles/cmTC_39ba2.dir/build.make CMakeFiles/cmTC_39ba2.dir/build
gmake[1]: Entering directory '/media/Documents/15418/final/Combined/CMakeFiles/CMakeTmp'
Building CXX object CMakeFiles/cmTC_39ba2.dir/feature_tests.cxx.o
/usr/local/bin/g++    -std=c++14 -o CMakeFiles/cmTC_39ba2.dir/feature_tests.cxx.o -c /home/zach/Documents/15418/final/Combined/CMakeFiles/feature_tests.cxx
Linking CXX executable cmTC_39ba2
/usr/bin/cmake -E cmake_link_script CMakeFiles/cmTC_39ba2.dir/link.txt --verbose=1
/usr/local/bin/g++        CMakeFiles/cmTC_39ba2.dir/feature_tests.cxx.o  -o cmTC_39ba2 -rdynamic 
gmake[1]: Leaving directory '/media/Documents/15418/final/Combined/CMakeFiles/CMakeTmp'


    Feature record: CXX_FEATURE:0cxx_aggregate_default_initializers
    Feature record: CXX_FEATURE:1cxx_alias_templates
    Feature record: CXX_FEATURE:1cxx_alignas
    Feature record: CXX_FEATURE:1cxx_alignof
    Feature record: CXX_FEATURE:1cxx_attributes
    Feature record: CXX_FEATURE:1cxx_attribute_deprecated
    Feature record: CXX_FEATURE:1cxx_auto_type
    Feature record: CXX_FEATURE:1cxx_binary_literals
    Feature record: CXX_FEATURE:1cxx_constexpr
    Feature record: CXX_FEATURE:1cxx_contextual_conversions
    Feature record: CXX_FEATURE:1cxx_decltype
    Feature record: CXX_FEATURE:1cxx_decltype_auto
    Feature record: CXX_FEATURE:1cxx_decltype_incomplete_return_types
    Feature record: CXX_FEATURE:1cxx_default_function_template_args
    Feature record: CXX_FEATURE:1cxx_defaulted_functions
    Feature record: CXX_FEATURE:1cxx_defaulted_move_initializers
    Feature record: CXX_FEATURE:1cxx_delegating_constructors
    Feature record: CXX_FEATURE:1cxx_deleted_functions
    Feature record: CXX_FEATURE:1cxx_digit_separators
    Feature record: CXX_FEATURE:1cxx_enum_forward_declarations
    Feature record: CXX_FEATURE:1cxx_explicit_conversions
    Feature record: CXX_FEATURE:1cxx_extended_friend_declarations
    Feature record: CXX_FEATURE:1cxx_extern_templates
    Feature record: CXX_FEATURE:1cxx_final
    Feature record: CXX_FEATURE:1cxx_func_identifier
    Feature record: CXX_FEATURE:1cxx_generalized_initializers
    Feature record: CXX_FEATURE:1cxx_generic_lambdas
    Feature record: CXX_FEATURE:1cxx_inheriting_constructors
    Feature record: CXX_FEATURE:1cxx_inline_namespaces
    Feature record: CXX_FEATURE:1cxx_lambdas
    Feature record: CXX_FEATURE:1cxx_lambda_init_captures
    Feature record: CXX_FEATURE:1cxx_local_type_template_args
    Feature record: CXX_FEATURE:1cxx_long_long_type
    Feature record: CXX_FEATURE:1cxx_noexcept
    Feature record: CXX_FEATURE:1cxx_nonstatic_member_init
    Feature record: CXX_FEATURE:1cxx_nullptr
    Feature record: CXX_FEATURE:1cxx_override
    Feature record: CXX_FEATURE:1cxx_range_for
    Feature record: CXX_FEATURE:1cxx_raw_string_literals
    Feature record: CXX_FEATURE:1cxx_reference_qualified_functions
    Feature record: CXX_FEATURE:0cxx_relaxed_constexpr
    Feature record: CXX_FEATURE:1cxx_return_type_deduction
    Feature record: CXX_FEATURE:1cxx_right_angle_brackets
    Feature record: CXX_FEATURE:1cxx_rvalue_references
    Feature record: CXX_FEATURE:1cxx_sizeof_member
    Feature record: CXX_FEATURE:1cxx_static_assert
    Feature record: CXX_FEATURE:1cxx_strong_enums
    Feature record: CXX_FEATURE:1cxx_template_template_parameters
    Feature record: CXX_FEATURE:1cxx_thread_local
    Feature record: CXX_FEATURE:1cxx_trailing_return_types
    Feature record: CXX_FEATURE:1cxx_unicode_literals
    Feature record: CXX_FEATURE:1cxx_uniform_initialization
    Feature record: CXX_FEATURE:1cxx_unrestricted_unions
    Feature record: CXX_FEATURE:1cxx_user_literals
    Feature record: CXX_FEATURE:0cxx_variable_templates
    Feature record: CXX_FEATURE:1cxx_variadic_macros
    Feature record: CXX_FEATURE:1cxx_variadic_templates


Detecting CXX [-std=c++11] compiler features compiled with the following output:
Change Dir: /home/zach/Documents/15418/final/Combined/CMakeFiles/CMakeTmp

Run Build Command:"/usr/bin/gmake" "cmTC_286e8/fast"
/usr/bin/gmake -f CMakeFiles/cmTC_286e8.dir/build.make CMakeFiles/cmTC_286e8.dir/build
gmake[1]: Entering directory '/media/Documents/15418/final/Combined/CMakeFiles/CMakeTmp'
Building CXX object CMakeFiles/cmTC_286e8.dir/feature_tests.cxx.o
/usr/local/bin/g++    -std=c++11 -o CMakeFiles/cmTC_286e8.dir/feature_tests.cxx.o -c /home/zach/Documents/15418/final/Combined/CMakeFiles/feature_tests.cxx
Linking CXX executable cmTC_286e8
/usr/bin/cmake -E cmake_link_script CMakeFiles/cmTC_286e8.dir/link.txt --verbose=1
/usr/local/bin/g++        CMakeFiles/cmTC_286e8.dir/feature_tests.cxx.o  -o cmTC_286e8 -rdynamic 
gmake[1]: Leaving directory '/media/Documents/15418/final/Combined/CMakeFiles/CMakeTmp'


    Feature record: CXX_FEATURE:0cxx_aggregate_default_initializers
    Feature record: CXX_FEATURE:1cxx_alias_templates
    Feature record: CXX_FEATURE:1cxx_alignas
    Feature record: CXX_FEATURE:1cxx_alignof
    Feature record: CXX_FEATURE:1cxx_attributes
    Feature record: CXX_FEATURE:0cxx_attribute_deprecated
    Feature record: CXX_FEATURE:1cxx_auto_type
    Feature record: CXX_FEATURE:0cxx_binary_literals
    Feature record: CXX_FEATURE:1cxx_constexpr
    Feature record: CXX_FEATURE:0cxx_contextual_conversions
    Feature record: CXX_FEATURE:1cxx_decltype
    Feature record: CXX_FEATURE:0cxx_decltype_auto
    Feature record: CXX_FEATURE:1cxx_decltype_incomplete_return_types
    Feature record: CXX_FEATURE:1cxx_default_function_template_args
    Feature record: CXX_FEATURE:1cxx_defaulted_functions
    Feature record: CXX_FEATURE:1cxx_defaulted_move_initializers
    Feature record: CXX_FEATURE:1cxx_delegating_constructors
    Feature record: CXX_FEATURE:1cxx_deleted_functions
    Feature record: CXX_FEATURE:0cxx_digit_separators
    Feature record: CXX_FEATURE:1cxx_enum_forward_declarations
    Feature record: CXX_FEATURE:1cxx_explicit_conversions
    Feature record: CXX_FEATURE:1cxx_extended_friend_declarations
    Feature record: CXX_FEATURE:1cxx_extern_templates
    Feature record: CXX_FEATURE:1cxx_final
    Feature record: CXX_FEATURE:1cxx_func_identifier
    Feature record: CXX_FEATURE:1cxx_generalized_initializers
    Feature record: CXX_FEATURE:0cxx_generic_lambdas
    Feature record: CXX_FEATURE:1cxx_inheriting_constructors
    Feature record: CXX_FEATURE:1cxx_inline_namespaces
    Feature record: CXX_FEATURE:1cxx_lambdas
    Feature record: CXX_FEATURE:0cxx_lambda_init_captures
    Feature record: CXX_FEATURE:1cxx_local_type_template_args
    Feature record: CXX_FEATURE:1cxx_long_long_type
    Feature record: CXX_FEATURE:1cxx_noexcept
    Feature record: CXX_FEATURE:1cxx_nonstatic_member_init
    Feature record: CXX_FEATURE:1cxx_nullptr
    Feature record: CXX_FEATURE:1cxx_override
    Feature record: CXX_FEATURE:1cxx_range_for
    Feature record: CXX_FEATURE:1cxx_raw_string_literals
    Feature record: CXX_FEATURE:1cxx_reference_qualified_functions
    Feature record: CXX_FEATURE:0cxx_relaxed_constexpr
    Feature record: CXX_FEATURE:0cxx_return_type_deduction
    Feature record: CXX_FEATURE:1cxx_right_angle_brackets
    Feature record: CXX_FEATURE:1cxx_rvalue_references
    Feature record: CXX_FEATURE:1cxx_sizeof_member
    Feature record: CXX_FEATURE:1cxx_static_assert
    Feature record: CXX_FEATURE:1cxx_strong_enums
    Feature record: CXX_FEATURE:1cxx_template_template_parameters
    Feature record: CXX_FEATURE:1cxx_thread_local
    Feature record: CXX_FEATURE:1cxx_trailing_return_types
    Feature record: CXX_FEATURE:1cxx_unicode_literals
    Feature record: CXX_FEATURE:1cxx_uniform_initialization
    Feature record: CXX_FEATURE:1cxx_unrestricted_unions
    Feature record: CXX_FEATURE:1cxx_user_literals
    Feature record: CXX_FEATURE:0cxx_variable_templates
    Feature record: CXX_FEATURE:1cxx_variadic_macros
    Feature record: CXX_FEATURE:1cxx_variadic_templates


Detecting CXX [-std=c++98] compiler features compiled with the following output:
Change Dir: /home/zach/Documents/15418/final/Combined/CMakeFiles/CMakeTmp

Run Build Command:"/usr/bin/gmake" "cmTC_0a8cf/fast"
/usr/bin/gmake -f CMakeFiles/cmTC_0a8cf.dir/build.make CMakeFiles/cmTC_0a8cf.dir/build
gmake[1]: Entering directory '/media/Documents/15418/final/Combined/CMakeFiles/CMakeTmp'
Building CXX object CMakeFiles/cmTC_0a8cf.dir/feature_tests.cxx.o
/usr/local/bin/g++    -std=c++98 -o CMakeFiles/cmTC_0a8cf.dir/feature_tests.cxx.o -c /home/zach/Documents/15418/final/Combined/CMakeFiles/feature_tests.cxx
Linking CXX executable cmTC_0a8cf
/usr/bin/cmake -E cmake_link_script CMakeFiles/cmTC_0a8cf.dir/link.txt --verbose=1
/usr/local/bin/g++        CMakeFiles/cmTC_0a8cf.dir/feature_tests.cxx.o  -o cmTC_0a8cf -rdynamic 
gmake[1]: Leaving directory '/media/Documents/15418/final/Combined/CMakeFiles/CMakeTmp'


    Feature record: CXX_FEATURE:0cxx_aggregate_default_initializers
    Feature record: CXX_FEATURE:0cxx_alias_templates
    Feature record: CXX_FEATURE:0cxx_alignas
    Feature record: CXX_FEATURE:0cxx_alignof
    Feature record: CXX_FEATURE:0cxx_attributes
    Feature record: CXX_FEATURE:0cxx_attribute_deprecated
    Feature record: CXX_FEATURE:0cxx_auto_type
    Feature record: CXX_FEATURE:0cxx_binary_literals
    Feature record: CXX_FEATURE:0cxx_constexpr
    Feature record: CXX_FEATURE:0cxx_contextual_conversions
    Feature record: CXX_FEATURE:0cxx_decltype
    Feature record: CXX_FEATURE:0cxx_decltype_auto
    Feature record: CXX_FEATURE:0cxx_decltype_incomplete_return_types
    Feature record: CXX_FEATURE:0cxx_default_function_template_args
    Feature record: CXX_FEATURE:0cxx_defaulted_functions
    Feature record: CXX_FEATURE:0cxx_defaulted_move_initializers
    Feature record: CXX_FEATURE:0cxx_delegating_constructors
    Feature record: CXX_FEATURE:0cxx_deleted_functions
    Feature record: CXX_FEATURE:0cxx_digit_separators
    Feature record: CXX_FEATURE:0cxx_enum_forward_declarations
    Feature record: CXX_FEATURE:0cxx_explicit_conversions
    Feature record: CXX_FEATURE:0cxx_extended_friend_declarations
    Feature record: CXX_FEATURE:0cxx_extern_templates
    Feature record: CXX_FEATURE:0cxx_final
    Feature record: CXX_FEATURE:0cxx_func_identifier
    Feature record: CXX_FEATURE:0cxx_generalized_initializers
    Feature record: CXX_FEATURE:0cxx_generic_lambdas
    Feature record: CXX_FEATURE:0cxx_inheriting_constructors
    Feature record: CXX_FEATURE:0cxx_inline_namespaces
    Feature record: CXX_FEATURE:0cxx_lambdas
    Feature record: CXX_FEATURE:0cxx_lambda_init_captures
    Feature record: CXX_FEATURE:0cxx_local_type_template_args
    Feature record: CXX_FEATURE:0cxx_long_long_type
    Feature record: CXX_FEATURE:0cxx_noexcept
    Feature record: CXX_FEATURE:0cxx_nonstatic_member_init
    Feature record: CXX_FEATURE:0cxx_nullptr
    Feature record: CXX_FEATURE:0cxx_override
    Feature record: CXX_FEATURE:0cxx_range_for
    Feature record: CXX_FEATURE:0cxx_raw_string_literals
    Feature record: CXX_FEATURE:0cxx_reference_qualified_functions
    Feature record: CXX_FEATURE:0cxx_relaxed_constexpr
    Feature record: CXX_FEATURE:0cxx_return_type_deduction
    Feature record: CXX_FEATURE:0cxx_right_angle_brackets
    Feature record: CXX_FEATURE:0cxx_rvalue_references
    Feature record: CXX_FEATURE:0cxx_sizeof_member
    Feature record: CXX_FEATURE:0cxx_static_assert
    Feature record: CXX_FEATURE:0cxx_strong_enums
    Feature record: CXX_FEATURE:1cxx_template_template_parameters
    Feature record: CXX_FEATURE:0cxx_thread_local
    Feature record: CXX_FEATURE:0cxx_trailing_return_types
    Feature record: CXX_FEATURE:0cxx_unicode_literals
    Feature record: CXX_FEATURE:0cxx_uniform_initialization
    Feature record: CXX_FEATURE:0cxx_unrestricted_unions
    Feature record: CXX_FEATURE:0cxx_user_literals
    Feature record: CXX_FEATURE:0cxx_variable_templates
    Feature record: CXX_FEATURE:0cxx_variadic_macros
    Feature record: CXX_FEATURE:0cxx_variadic_templates
Compiling the C compiler identification source file "CMakeCCompilerId.c" succeeded.
Compiler: /usr/local/bin/gcc 
Build flags: 
Id flags: 

The output was:
0


Compilation of the C compiler identification source "CMakeCCompilerId.c" produced "a.out"

The C compiler identification is GNU, found in "/home/zach/Documents/15418/final/Combined/CMakeFiles/3.3.2/CompilerIdC/a.out"

Determining if the C compiler works passed with the following output:
Change Dir: /home/zach/Documents/15418/final/Combined/CMakeFiles/CMakeTmp

Run Build Command:"/usr/bin/gmake" "cmTC_18a27/fast"
gmake[1]: Entering directory '/media/Documents/15418/final/Combined/CMakeFiles/CMakeTmp'
/usr/bin/gmake -f CMakeFiles/cmTC_18a27.dir/build.make CMakeFiles/cmTC_18a27.dir/build
gmake[2]: Entering directory '/media/Documents/15418/final/Combined/CMakeFiles/CMakeTmp'
Building C object CMakeFiles/cmTC_18a27.dir/testCCompiler.c.o
/usr/local/bin/gcc    -o CMakeFiles/cmTC_18a27.dir/testCCompiler.c.o   -c /home/zach/Documents/15418/final/Combined/CMakeFiles/CMakeTmp/testCCompiler.c
Linking C executable cmTC_18a27
/usr/bin/cmake -E cmake_link_script CMakeFiles/cmTC_18a27.dir/link.txt --verbose=1
/usr/local/bin/gcc       CMakeFiles/cmTC_18a27.dir/testCCompiler.c.o  -o cmTC_18a27 -rdynamic 
gmake[2]: Leaving directory '/media/Documents/15418/final/Combined/CMakeFiles/CMakeTmp'
gmake[1]: Leaving directory '/media/Documents/15418/final/Combined/CMakeFiles/CMakeTmp'


Detecting C compiler ABI info compiled with the following output:
Change Dir: /home/zach/Documents/15418/final/Combined/CMakeFiles/CMakeTmp

Run Build Command:"/usr/bin/gmake" "cmTC_fc5d5/fast"
gmake[1]: Entering directory '/media/Documents/15418/final/Combined/CMakeFiles/CMakeTmp'
/usr/bin/gmake -f CMakeFiles/cmTC_fc5d5.dir/build.make CMakeFiles/cmTC_fc5d5.dir/build
gmake[2]: Entering directory '/media/Documents/15418/final/Combined/CMakeFiles/CMakeTmp'
Building C object CMakeFiles/cmTC_fc5d5.dir/CMakeCCompilerABI.c.o
/usr/local/bin/gcc    -o CMakeFiles/cmTC_fc5d5.dir/CMakeCCompilerABI.c.o   -c /usr/share/cmake/Modules/CMakeCCompilerABI.c
Linking C executable cmTC_fc5d5
/usr/bin/cmake -E cmake_link_script CMakeFiles/cmTC_fc5d5.dir/link.txt --verbose=1
/usr/local/bin/gcc      -v CMakeFiles/cmTC_fc5d5.dir/CMakeCCompilerABI.c.o  -o cmTC_fc5d5 -rdynamic  
Using built-in specs.
COLLECT_GCC=/usr/local/bin/gcc
COLLECT_LTO_WRAPPER=/usr/local/libexec/gcc/x86_64-unknown-linux-gnu/4.9.3/lto-wrapper
Target: x86_64-unknown-linux-gnu
Configured with: ./configure
Thread model: posix
gcc version 4.9.3 (GCC) 
COMPILER_PATH=/usr/local/libexec/gcc/x86_64-unknown-linux-gnu/4.9.3/:/usr/local/libexec/gcc/x86_64-unknown-linux-gnu/4.9.3/:/usr/local/libexec/gcc/x86_64-unknown-linux-gnu/:/usr/local/lib/gcc/x86_64-unknown-linux-gnu/4.9.3/:/usr/local/lib/gcc/x86_64-unknown-linux-gnu/
LIBRARY_PATH=/usr/lib64/../lib64/:/usr/local/lib/gcc/x86_64-unknown-linux-gnu/4.9.3/:/usr/local/lib/gcc/x86_64-unknown-linux-gnu/4.9.3/../../../../lib64/:/lib/../lib64/:/usr/lib/../lib64/:/usr/lib64/:./:/usr/local/lib/gcc/x86_64-unknown-linux-gnu/4.9.3/../../../:/lib/:/usr/lib/
COLLECT_GCC_OPTIONS='-v' '-o' 'cmTC_fc5d5' '-rdynamic' '-mtune=generic' '-march=x86-64'
 /usr/local/libexec/gcc/x86_64-unknown-linux-gnu/4.9.3/collect2 --eh-frame-hdr -m elf_x86_64 -export-dynamic -dynamic-linker /lib64/ld-linux-x86-64.so.2 -o cmTC_fc5d5 /usr/lib64/../lib64/crt1.o /usr/lib64/../lib64/crti.o /usr/local/lib/gcc/x86_64-unknown-linux-gnu/4.9.3/crtbegin.o -L/usr/lib64/../lib64 -L/usr/local/lib/gcc/x86_64-unknown-linux-gnu/4.9.3 -L/usr/local/lib/gcc/x86_64-unknown-linux-gnu/4.9.3/../../../../lib64 -L/lib/../lib64 -L/usr/lib/../lib64 -L/usr/lib64 -L. -L/usr/local/lib/gcc/x86_64-unknown-linux-gnu/4.9.3/../../.. CMakeFiles/cmTC_fc5d5.dir/CMakeCCompilerABI.c.o -lgcc --as-needed -lgcc_s --no-as-needed -lc -lgcc --as-needed -lgcc_s --no-as-needed /usr/local/lib/gcc/x86_64-unknown-linux-gnu/4.9.3/crtend.o /usr/lib64/../lib64/crtn.o
gmake[2]: Leaving directory '/media/Documents/15418/final/Combined/CMakeFiles/CMakeTmp'
gmake[1]: Leaving directory '/media/Documents/15418/final/Combined/CMakeFiles/CMakeTmp'


Parsed C implicit link information from above output:
  link line regex: [^( *|.*[/\])(ld|([^/\]+-)?ld|collect2)[^/\]*( |$)]
  ignore line: [Change Dir: /home/zach/Documents/15418/final/Combined/CMakeFiles/CMakeTmp]
  ignore line: []
  ignore line: [Run Build Command:"/usr/bin/gmake" "cmTC_fc5d5/fast"]
  ignore line: [gmake[1]: Entering directory '/media/Documents/15418/final/Combined/CMakeFiles/CMakeTmp']
  ignore line: [/usr/bin/gmake -f CMakeFiles/cmTC_fc5d5.dir/build.make CMakeFiles/cmTC_fc5d5.dir/build]
  ignore line: [gmake[2]: Entering directory '/media/Documents/15418/final/Combined/CMakeFiles/CMakeTmp']
  ignore line: [Building C object CMakeFiles/cmTC_fc5d5.dir/CMakeCCompilerABI.c.o]
  ignore line: [/usr/local/bin/gcc    -o CMakeFiles/cmTC_fc5d5.dir/CMakeCCompilerABI.c.o   -c /usr/share/cmake/Modules/CMakeCCompilerABI.c]
  ignore line: [Linking C executable cmTC_fc5d5]
  ignore line: [/usr/bin/cmake -E cmake_link_script CMakeFiles/cmTC_fc5d5.dir/link.txt --verbose=1]
  ignore line: [/usr/local/bin/gcc      -v CMakeFiles/cmTC_fc5d5.dir/CMakeCCompilerABI.c.o  -o cmTC_fc5d5 -rdynamic  ]
  ignore line: [Using built-in specs.]
  ignore line: [COLLECT_GCC=/usr/local/bin/gcc]
  ignore line: [COLLECT_LTO_WRAPPER=/usr/local/libexec/gcc/x86_64-unknown-linux-gnu/4.9.3/lto-wrapper]
  ignore line: [Target: x86_64-unknown-linux-gnu]
  ignore line: [Configured with: ./configure]
  ignore line: [Thread model: posix]
  ignore line: [gcc version 4.9.3 (GCC) ]
  ignore line: [COMPILER_PATH=/usr/local/libexec/gcc/x86_64-unknown-linux-gnu/4.9.3/:/usr/local/libexec/gcc/x86_64-unknown-linux-gnu/4.9.3/:/usr/local/libexec/gcc/x86_64-unknown-linux-gnu/:/usr/local/lib/gcc/x86_64-unknown-linux-gnu/4.9.3/:/usr/local/lib/gcc/x86_64-unknown-linux-gnu/]
  ignore line: [LIBRARY_PATH=/usr/lib64/../lib64/:/usr/local/lib/gcc/x86_64-unknown-linux-gnu/4.9.3/:/usr/local/lib/gcc/x86_64-unknown-linux-gnu/4.9.3/../../../../lib64/:/lib/../lib64/:/usr/lib/../lib64/:/usr/lib64/:./:/usr/local/lib/gcc/x86_64-unknown-linux-gnu/4.9.3/../../../:/lib/:/usr/lib/]
  ignore line: [COLLECT_GCC_OPTIONS='-v' '-o' 'cmTC_fc5d5' '-rdynamic' '-mtune=generic' '-march=x86-64']
  link line: [ /usr/local/libexec/gcc/x86_64-unknown-linux-gnu/4.9.3/collect2 --eh-frame-hdr -m elf_x86_64 -export-dynamic -dynamic-linker /lib64/ld-linux-x86-64.so.2 -o cmTC_fc5d5 /usr/lib64/../lib64/crt1.o /usr/lib64/../lib64/crti.o /usr/local/lib/gcc/x86_64-unknown-linux-gnu/4.9.3/crtbegin.o -L/usr/lib64/../lib64 -L/usr/local/lib/gcc/x86_64-unknown-linux-gnu/4.9.3 -L/usr/local/lib/gcc/x86_64-unknown-linux-gnu/4.9.3/../../../../lib64 -L/lib/../lib64 -L/usr/lib/../lib64 -L/usr/lib64 -L. -L/usr/local/lib/gcc/x86_64-unknown-linux-gnu/4.9.3/../../.. CMakeFiles/cmTC_fc5d5.dir/CMakeCCompilerABI.c.o -lgcc --as-needed -lgcc_s --no-as-needed -lc -lgcc --as-needed -lgcc_s --no-as-needed /usr/local/lib/gcc/x86_64-unknown-linux-gnu/4.9.3/crtend.o /usr/lib64/../lib64/crtn.o]
    arg [/usr/local/libexec/gcc/x86_64-unknown-linux-gnu/4.9.3/collect2] ==> ignore
    arg [--eh-frame-hdr] ==> ignore
    arg [-m] ==> ignore
    arg [elf_x86_64] ==> ignore
    arg [-export-dynamic] ==> ignore
    arg [-dynamic-linker] ==> ignore
    arg [/lib64/ld-linux-x86-64.so.2] ==> ignore
    arg [-o] ==> ignore
    arg [cmTC_fc5d5] ==> ignore
    arg [/usr/lib64/../lib64/crt1.o] ==> ignore
    arg [/usr/lib64/../lib64/crti.o] ==> ignore
    arg [/usr/local/lib/gcc/x86_64-unknown-linux-gnu/4.9.3/crtbegin.o] ==> ignore
    arg [-L/usr/lib64/../lib64] ==> dir [/usr/lib64/../lib64]
    arg [-L/usr/local/lib/gcc/x86_64-unknown-linux-gnu/4.9.3] ==> dir [/usr/local/lib/gcc/x86_64-unknown-linux-gnu/4.9.3]
    arg [-L/usr/local/lib/gcc/x86_64-unknown-linux-gnu/4.9.3/../../../../lib64] ==> dir [/usr/local/lib/gcc/x86_64-unknown-linux-gnu/4.9.3/../../../../lib64]
    arg [-L/lib/../lib64] ==> dir [/lib/../lib64]
    arg [-L/usr/lib/../lib64] ==> dir [/usr/lib/../lib64]
    arg [-L/usr/lib64] ==> dir [/usr/lib64]
    arg [-L.] ==> ignore
    arg [-L/usr/local/lib/gcc/x86_64-unknown-linux-gnu/4.9.3/../../..] ==> dir [/usr/local/lib/gcc/x86_64-unknown-linux-gnu/4.9.3/../../..]
    arg [CMakeFiles/cmTC_fc5d5.dir/CMakeCCompilerABI.c.o] ==> ignore
    arg [-lgcc] ==> lib [gcc]
    arg [--as-needed] ==> ignore
    arg [-lgcc_s] ==> lib [gcc_s]
    arg [--no-as-needed] ==> ignore
    arg [-lc] ==> lib [c]
    arg [-lgcc] ==> lib [gcc]
    arg [--as-needed] ==> ignore
    arg [-lgcc_s] ==> lib [gcc_s]
    arg [--no-as-needed] ==> ignore
    arg [/usr/local/lib/gcc/x86_64-unknown-linux-gnu/4.9.3/crtend.o] ==> ignore
    arg [/usr/lib64/../lib64/crtn.o] ==> ignore
  remove lib [gcc]
  remove lib [gcc_s]
  remove lib [gcc]
  remove lib [gcc_s]
  collapse library dir [/usr/lib64/../lib64] ==> [/usr/lib64]
  collapse library dir [/usr/local/lib/gcc/x86_64-unknown-linux-gnu/4.9.3] ==> [/usr/local/lib/gcc/x86_64-unknown-linux-gnu/4.9.3]
  collapse library dir [/usr/local/lib/gcc/x86_64-unknown-linux-gnu/4.9.3/../../../../lib64] ==> [/usr/local/lib64]
  collapse library dir [/lib/../lib64] ==> [/lib64]
  collapse library dir [/usr/lib/../lib64] ==> [/usr/lib64]
  collapse library dir [/usr/lib64] ==> [/usr/lib64]
  collapse library dir [/usr/local/lib/gcc/x86_64-unknown-linux-gnu/4.9.3/../../..] ==> [/usr/local/lib]
  implicit libs: [c]
  implicit dirs: [/usr/lib64;/usr/local/lib/gcc/x86_64-unknown-linux-gnu/4.9.3;/usr/local/lib64;/lib64;/usr/local/lib]
  implicit fwks: []




Detecting C [-std=c11] compiler features compiled with the following output:
Change Dir: /home/zach/Documents/15418/final/Combined/CMakeFiles/CMakeTmp

Run Build Command:"/usr/bin/gmake" "cmTC_e289d/fast"
gmake[1]: Entering directory '/media/Documents/15418/final/Combined/CMakeFiles/CMakeTmp'
/usr/bin/gmake -f CMakeFiles/cmTC_e289d.dir/build.make CMakeFiles/cmTC_e289d.dir/build
gmake[2]: Entering directory '/media/Documents/15418/final/Combined/CMakeFiles/CMakeTmp'
Building C object CMakeFiles/cmTC_e289d.dir/feature_tests.c.o
/usr/local/bin/gcc   -std=c11 -o CMakeFiles/cmTC_e289d.dir/feature_tests.c.o   -c /home/zach/Documents/15418/final/Combined/CMakeFiles/feature_tests.c
Linking C executable cmTC_e289d
/usr/bin/cmake -E cmake_link_script CMakeFiles/cmTC_e289d.dir/link.txt --verbose=1
/usr/local/bin/gcc       CMakeFiles/cmTC_e289d.dir/feature_tests.c.o  -o cmTC_e289d -rdynamic 
gmake[2]: Leaving directory '/media/Documents/15418/final/Combined/CMakeFiles/CMakeTmp'
gmake[1]: Leaving directory '/media/Documents/15418/final/Combined/CMakeFiles/CMakeTmp'


    Feature record: C_FEATURE:1c_function_prototypes
    Feature record: C_FEATURE:1c_restrict
    Feature record: C_FEATURE:1c_static_assert
    Feature record: C_FEATURE:1c_variadic_macros


Detecting C [-std=c99] compiler features compiled with the following output:
Change Dir: /home/zach/Documents/15418/final/Combined/CMakeFiles/CMakeTmp

Run Build Command:"/usr/bin/gmake" "cmTC_5feda/fast"
gmake[1]: Entering directory '/media/Documents/15418/final/Combined/CMakeFiles/CMakeTmp'
/usr/bin/gmake -f CMakeFiles/cmTC_5feda.dir/build.make CMakeFiles/cmTC_5feda.dir/build
gmake[2]: Entering directory '/media/Documents/15418/final/Combined/CMakeFiles/CMakeTmp'
Building C object CMakeFiles/cmTC_5feda.dir/feature_tests.c.o
/usr/local/bin/gcc   -std=c99 -o CMakeFiles/cmTC_5feda.dir/feature_tests.c.o   -c /home/zach/Documents/15418/final/Combined/CMakeFiles/feature_tests.c
Linking C executable cmTC_5feda
/usr/bin/cmake -E cmake_link_script CMakeFiles/cmTC_5feda.dir/link.txt --verbose=1
/usr/local/bin/gcc       CMakeFiles/cmTC_5feda.dir/feature_tests.c.o  -o cmTC_5feda -rdynamic 
gmake[2]: Leaving directory '/media/Documents/15418/final/Combined/CMakeFiles/CMakeTmp'
gmake[1]: Leaving directory '/media/Documents/15418/final/Combined/CMakeFiles/CMakeTmp'


    Feature record: C_FEATURE:1c_function_prototypes
    Feature record: C_FEATURE:1c_restrict
    Feature record: C_FEATURE:0c_static_assert
    Feature record: C_FEATURE:1c_variadic_macros


Detecting C [-std=c90] compiler features compiled with the following output:
Change Dir: /home/zach/Documents/15418/final/Combined/CMakeFiles/CMakeTmp

Run Build Command:"/usr/bin/gmake" "cmTC_b0320/fast"
gmake[1]: Entering directory '/media/Documents/15418/final/Combined/CMakeFiles/CMakeTmp'
/usr/bin/gmake -f CMakeFiles/cmTC_b0320.dir/build.make CMakeFiles/cmTC_b0320.dir/build
gmake[2]: Entering directory '/media/Documents/15418/final/Combined/CMakeFiles/CMakeTmp'
Building C object CMakeFiles/cmTC_b0320.dir/feature_tests.c.o
/usr/local/bin/gcc   -std=c90 -o CMakeFiles/cmTC_b0320.dir/feature_tests.c.o   -c /home/zach/Documents/15418/final/Combined/CMakeFiles/feature_tests.c
Linking C executable cmTC_b0320
/usr/bin/cmake -E cmake_link_script CMakeFiles/cmTC_b0320.dir/link.txt --verbose=1
/usr/local/bin/gcc       CMakeFiles/cmTC_b0320.dir/feature_tests.c.o  -o cmTC_b0320 -rdynamic 
gmake[2]: Leaving directory '/media/Documents/15418/final/Combined/CMakeFiles/CMakeTmp'
gmake[1]: Leaving directory '/media/Documents/15418/final/Combined/CMakeFiles/CMakeTmp'


    Feature record: C_FEATURE:1c_function_prototypes
    Feature record: C_FEATURE:0c_restrict
    Feature record: C_FEATURE:0c_static_assert
    Feature record: C_FEATURE:0c_variadic_macros
Determining if files pthread.h exist passed with the following output:
Change Dir: /home/zach/Documents/15418/final/Combined/CMakeFiles/CMakeTmp

Run Build Command:"/usr/bin/gmake" "cmTC_8064e/fast"
gmake[1]: Entering directory '/media/Documents/15418/final/Combined/CMakeFiles/CMakeTmp'
/usr/bin/gmake -f CMakeFiles/cmTC_8064e.dir/build.make CMakeFiles/cmTC_8064e.dir/build
gmake[2]: Entering directory '/media/Documents/15418/final/Combined/CMakeFiles/CMakeTmp'
Building C object CMakeFiles/cmTC_8064e.dir/CheckIncludeFiles.c.o
/usr/local/bin/gcc   -fPIC    -o CMakeFiles/cmTC_8064e.dir/CheckIncludeFiles.c.o   -c /home/zach/Documents/15418/final/Combined/CMakeFiles/CMakeTmp/CheckIncludeFiles.c
Linking C executable cmTC_8064e
/usr/bin/cmake -E cmake_link_script CMakeFiles/cmTC_8064e.dir/link.txt --verbose=1
/usr/local/bin/gcc  -fPIC     CMakeFiles/cmTC_8064e.dir/CheckIncludeFiles.c.o  -o cmTC_8064e -rdynamic 
gmake[2]: Leaving directory '/media/Documents/15418/final/Combined/CMakeFiles/CMakeTmp'
gmake[1]: Leaving directory '/media/Documents/15418/final/Combined/CMakeFiles/CMakeTmp'


Determining if the function pthread_create exists in the pthread passed with the following output:
Change Dir: /home/zach/Documents/15418/final/Combined/CMakeFiles/CMakeTmp

Run Build Command:"/usr/bin/gmake" "cmTC_a44e2/fast"
gmake[1]: Entering directory '/media/Documents/15418/final/Combined/CMakeFiles/CMakeTmp'
/usr/bin/gmake -f CMakeFiles/cmTC_a44e2.dir/build.make CMakeFiles/cmTC_a44e2.dir/build
gmake[2]: Entering directory '/media/Documents/15418/final/Combined/CMakeFiles/CMakeTmp'
Building C object CMakeFiles/cmTC_a44e2.dir/CheckFunctionExists.c.o
/usr/local/bin/gcc   -fPIC -DCHECK_FUNCTION_EXISTS=pthread_create   -o CMakeFiles/cmTC_a44e2.dir/CheckFunctionExists.c.o   -c /usr/share/cmake/Modules/CheckFunctionExists.c
Linking C executable cmTC_a44e2
/usr/bin/cmake -E cmake_link_script CMakeFiles/cmTC_a44e2.dir/link.txt --verbose=1
/usr/local/bin/gcc  -fPIC -DCHECK_FUNCTION_EXISTS=pthread_create    CMakeFiles/cmTC_a44e2.dir/CheckFunctionExists.c.o  -o cmTC_a44e2 -rdynamic -lpthread 
gmake[2]: Leaving directory '/media/Documents/15418/final/Combined/CMakeFiles/CMakeTmp'
gmake[1]: Leaving directory '/media/Documents/15418/final/Combined/CMakeFiles/CMakeTmp'


