The system is: Linux - 4.4.6-201.fc22.x86_64 - x86_64
Compiling the CXX compiler identification source file "CMakeCXXCompilerId.cpp" succeeded.
Compiler: /usr/local/bin/c++ 
Build flags: 
Id flags: 

The output was:
0


Compilation of the CXX compiler identification source "CMakeCXXCompilerId.cpp" produced "a.out"

The CXX compiler identification is GNU, found in "/home/zach/Documents/15418/final/VRRayTracing/CMakeFiles/3.3.2/CompilerIdCXX/a.out"

Determining if the CXX compiler works passed with the following output:
Change Dir: /home/zach/Documents/15418/final/VRRayTracing/CMakeFiles/CMakeTmp

Run Build Command:"/usr/bin/gmake" "cmTC_790be/fast"
gmake[1]: Entering directory '/media/Documents/15418/final/VRRayTracing/CMakeFiles/CMakeTmp'
/usr/bin/gmake -f CMakeFiles/cmTC_790be.dir/build.make CMakeFiles/cmTC_790be.dir/build
gmake[2]: Entering directory '/media/Documents/15418/final/VRRayTracing/CMakeFiles/CMakeTmp'
Building CXX object CMakeFiles/cmTC_790be.dir/testCXXCompiler.cxx.o
/usr/local/bin/c++     -o CMakeFiles/cmTC_790be.dir/testCXXCompiler.cxx.o -c /home/zach/Documents/15418/final/VRRayTracing/CMakeFiles/CMakeTmp/testCXXCompiler.cxx
Linking CXX executable cmTC_790be
/usr/bin/cmake -E cmake_link_script CMakeFiles/cmTC_790be.dir/link.txt --verbose=1
/usr/local/bin/c++        CMakeFiles/cmTC_790be.dir/testCXXCompiler.cxx.o  -o cmTC_790be -rdynamic 
gmake[2]: Leaving directory '/media/Documents/15418/final/VRRayTracing/CMakeFiles/CMakeTmp'
gmake[1]: Leaving directory '/media/Documents/15418/final/VRRayTracing/CMakeFiles/CMakeTmp'


Detecting CXX compiler ABI info compiled with the following output:
Change Dir: /home/zach/Documents/15418/final/VRRayTracing/CMakeFiles/CMakeTmp

Run Build Command:"/usr/bin/gmake" "cmTC_932d9/fast"
gmake[1]: Entering directory '/media/Documents/15418/final/VRRayTracing/CMakeFiles/CMakeTmp'
/usr/bin/gmake -f CMakeFiles/cmTC_932d9.dir/build.make CMakeFiles/cmTC_932d9.dir/build
gmake[2]: Entering directory '/media/Documents/15418/final/VRRayTracing/CMakeFiles/CMakeTmp'
Building CXX object CMakeFiles/cmTC_932d9.dir/CMakeCXXCompilerABI.cpp.o
/usr/local/bin/c++     -o CMakeFiles/cmTC_932d9.dir/CMakeCXXCompilerABI.cpp.o -c /usr/share/cmake/Modules/CMakeCXXCompilerABI.cpp
Linking CXX executable cmTC_932d9
/usr/bin/cmake -E cmake_link_script CMakeFiles/cmTC_932d9.dir/link.txt --verbose=1
/usr/local/bin/c++       -v CMakeFiles/cmTC_932d9.dir/CMakeCXXCompilerABI.cpp.o  -o cmTC_932d9 -rdynamic  
Using built-in specs.
COLLECT_GCC=/usr/local/bin/c++
COLLECT_LTO_WRAPPER=/usr/local/libexec/gcc/x86_64-unknown-linux-gnu/4.9.3/lto-wrapper
Target: x86_64-unknown-linux-gnu
Configured with: ./configure
Thread model: posix
gcc version 4.9.3 (GCC) 
COMPILER_PATH=/usr/local/libexec/gcc/x86_64-unknown-linux-gnu/4.9.3/:/usr/local/libexec/gcc/x86_64-unknown-linux-gnu/4.9.3/:/usr/local/libexec/gcc/x86_64-unknown-linux-gnu/:/usr/local/lib/gcc/x86_64-unknown-linux-gnu/4.9.3/:/usr/local/lib/gcc/x86_64-unknown-linux-gnu/
LIBRARY_PATH=/usr/lib64/../lib64/:/usr/local/lib/gcc/x86_64-unknown-linux-gnu/4.9.3/:/usr/local/lib/gcc/x86_64-unknown-linux-gnu/4.9.3/../../../../lib64/:/lib/../lib64/:/usr/lib/../lib64/:/usr/lib64/:./:/usr/local/lib/gcc/x86_64-unknown-linux-gnu/4.9.3/../../../:/lib/:/usr/lib/
COLLECT_GCC_OPTIONS='-v' '-o' 'cmTC_932d9' '-rdynamic' '-shared-libgcc' '-mtune=generic' '-march=x86-64'
 /usr/local/libexec/gcc/x86_64-unknown-linux-gnu/4.9.3/collect2 --eh-frame-hdr -m elf_x86_64 -export-dynamic -dynamic-linker /lib64/ld-linux-x86-64.so.2 -o cmTC_932d9 /usr/lib64/../lib64/crt1.o /usr/lib64/../lib64/crti.o /usr/local/lib/gcc/x86_64-unknown-linux-gnu/4.9.3/crtbegin.o -L/usr/lib64/../lib64 -L/usr/local/lib/gcc/x86_64-unknown-linux-gnu/4.9.3 -L/usr/local/lib/gcc/x86_64-unknown-linux-gnu/4.9.3/../../../../lib64 -L/lib/../lib64 -L/usr/lib/../lib64 -L/usr/lib64 -L. -L/usr/local/lib/gcc/x86_64-unknown-linux-gnu/4.9.3/../../.. CMakeFiles/cmTC_932d9.dir/CMakeCXXCompilerABI.cpp.o -lstdc++ -lm -lgcc_s -lgcc -lc -lgcc_s -lgcc /usr/local/lib/gcc/x86_64-unknown-linux-gnu/4.9.3/crtend.o /usr/lib64/../lib64/crtn.o
gmake[2]: Leaving directory '/media/Documents/15418/final/VRRayTracing/CMakeFiles/CMakeTmp'
gmake[1]: Leaving directory '/media/Documents/15418/final/VRRayTracing/CMakeFiles/CMakeTmp'


Parsed CXX implicit link information from above output:
  link line regex: [^( *|.*[/\])(ld|([^/\]+-)?ld|collect2)[^/\]*( |$)]
  ignore line: [Change Dir: /home/zach/Documents/15418/final/VRRayTracing/CMakeFiles/CMakeTmp]
  ignore line: []
  ignore line: [Run Build Command:"/usr/bin/gmake" "cmTC_932d9/fast"]
  ignore line: [gmake[1]: Entering directory '/media/Documents/15418/final/VRRayTracing/CMakeFiles/CMakeTmp']
  ignore line: [/usr/bin/gmake -f CMakeFiles/cmTC_932d9.dir/build.make CMakeFiles/cmTC_932d9.dir/build]
  ignore line: [gmake[2]: Entering directory '/media/Documents/15418/final/VRRayTracing/CMakeFiles/CMakeTmp']
  ignore line: [Building CXX object CMakeFiles/cmTC_932d9.dir/CMakeCXXCompilerABI.cpp.o]
  ignore line: [/usr/local/bin/c++     -o CMakeFiles/cmTC_932d9.dir/CMakeCXXCompilerABI.cpp.o -c /usr/share/cmake/Modules/CMakeCXXCompilerABI.cpp]
  ignore line: [Linking CXX executable cmTC_932d9]
  ignore line: [/usr/bin/cmake -E cmake_link_script CMakeFiles/cmTC_932d9.dir/link.txt --verbose=1]
  ignore line: [/usr/local/bin/c++       -v CMakeFiles/cmTC_932d9.dir/CMakeCXXCompilerABI.cpp.o  -o cmTC_932d9 -rdynamic  ]
  ignore line: [Using built-in specs.]
  ignore line: [COLLECT_GCC=/usr/local/bin/c++]
  ignore line: [COLLECT_LTO_WRAPPER=/usr/local/libexec/gcc/x86_64-unknown-linux-gnu/4.9.3/lto-wrapper]
  ignore line: [Target: x86_64-unknown-linux-gnu]
  ignore line: [Configured with: ./configure]
  ignore line: [Thread model: posix]
  ignore line: [gcc version 4.9.3 (GCC) ]
  ignore line: [COMPILER_PATH=/usr/local/libexec/gcc/x86_64-unknown-linux-gnu/4.9.3/:/usr/local/libexec/gcc/x86_64-unknown-linux-gnu/4.9.3/:/usr/local/libexec/gcc/x86_64-unknown-linux-gnu/:/usr/local/lib/gcc/x86_64-unknown-linux-gnu/4.9.3/:/usr/local/lib/gcc/x86_64-unknown-linux-gnu/]
  ignore line: [LIBRARY_PATH=/usr/lib64/../lib64/:/usr/local/lib/gcc/x86_64-unknown-linux-gnu/4.9.3/:/usr/local/lib/gcc/x86_64-unknown-linux-gnu/4.9.3/../../../../lib64/:/lib/../lib64/:/usr/lib/../lib64/:/usr/lib64/:./:/usr/local/lib/gcc/x86_64-unknown-linux-gnu/4.9.3/../../../:/lib/:/usr/lib/]
  ignore line: [COLLECT_GCC_OPTIONS='-v' '-o' 'cmTC_932d9' '-rdynamic' '-shared-libgcc' '-mtune=generic' '-march=x86-64']
  link line: [ /usr/local/libexec/gcc/x86_64-unknown-linux-gnu/4.9.3/collect2 --eh-frame-hdr -m elf_x86_64 -export-dynamic -dynamic-linker /lib64/ld-linux-x86-64.so.2 -o cmTC_932d9 /usr/lib64/../lib64/crt1.o /usr/lib64/../lib64/crti.o /usr/local/lib/gcc/x86_64-unknown-linux-gnu/4.9.3/crtbegin.o -L/usr/lib64/../lib64 -L/usr/local/lib/gcc/x86_64-unknown-linux-gnu/4.9.3 -L/usr/local/lib/gcc/x86_64-unknown-linux-gnu/4.9.3/../../../../lib64 -L/lib/../lib64 -L/usr/lib/../lib64 -L/usr/lib64 -L. -L/usr/local/lib/gcc/x86_64-unknown-linux-gnu/4.9.3/../../.. CMakeFiles/cmTC_932d9.dir/CMakeCXXCompilerABI.cpp.o -lstdc++ -lm -lgcc_s -lgcc -lc -lgcc_s -lgcc /usr/local/lib/gcc/x86_64-unknown-linux-gnu/4.9.3/crtend.o /usr/lib64/../lib64/crtn.o]
    arg [/usr/local/libexec/gcc/x86_64-unknown-linux-gnu/4.9.3/collect2] ==> ignore
    arg [--eh-frame-hdr] ==> ignore
    arg [-m] ==> ignore
    arg [elf_x86_64] ==> ignore
    arg [-export-dynamic] ==> ignore
    arg [-dynamic-linker] ==> ignore
    arg [/lib64/ld-linux-x86-64.so.2] ==> ignore
    arg [-o] ==> ignore
    arg [cmTC_932d9] ==> ignore
    arg [/usr/lib64/../lib64/crt1.o] ==> ignore
    arg [/usr/lib64/../lib64/crti.o] ==> ignore
    arg [/usr/local/lib/gcc/x86_64-unknown-linux-gnu/4.9.3/crtbegin.o] ==> ignore
    arg [-L/usr/lib64/../lib64] ==> dir [/usr/lib64/../lib64]
    arg [-L/usr/local/lib/gcc/x86_64-unknown-linux-gnu/4.9.3] ==> dir [/usr/local/lib/gcc/x86_64-unknown-linux-gnu/4.9.3]
    arg [-L/usr/local/lib/gcc/x86_64-unknown-linux-gnu/4.9.3/../../../../lib64] ==> dir [/usr/local/lib/gcc/x86_64-unknown-linux-gnu/4.9.3/../../../../lib64]
    arg [-L/lib/../lib64] ==> dir [/lib/../lib64]
    arg [-L/usr/lib/../lib64] ==> dir [/usr/lib/../lib64]
    arg [-L/usr/lib64] ==> dir [/usr/lib64]
    arg [-L.] ==> ignore
    arg [-L/usr/local/lib/gcc/x86_64-unknown-linux-gnu/4.9.3/../../..] ==> dir [/usr/local/lib/gcc/x86_64-unknown-linux-gnu/4.9.3/../../..]
    arg [CMakeFiles/cmTC_932d9.dir/CMakeCXXCompilerABI.cpp.o] ==> ignore
    arg [-lstdc++] ==> lib [stdc++]
    arg [-lm] ==> lib [m]
    arg [-lgcc_s] ==> lib [gcc_s]
    arg [-lgcc] ==> lib [gcc]
    arg [-lc] ==> lib [c]
    arg [-lgcc_s] ==> lib [gcc_s]
    arg [-lgcc] ==> lib [gcc]
    arg [/usr/local/lib/gcc/x86_64-unknown-linux-gnu/4.9.3/crtend.o] ==> ignore
    arg [/usr/lib64/../lib64/crtn.o] ==> ignore
  remove lib [gcc_s]
  remove lib [gcc]
  remove lib [gcc_s]
  remove lib [gcc]
  collapse library dir [/usr/lib64/../lib64] ==> [/usr/lib64]
  collapse library dir [/usr/local/lib/gcc/x86_64-unknown-linux-gnu/4.9.3] ==> [/usr/local/lib/gcc/x86_64-unknown-linux-gnu/4.9.3]
  collapse library dir [/usr/local/lib/gcc/x86_64-unknown-linux-gnu/4.9.3/../../../../lib64] ==> [/usr/local/lib64]
  collapse library dir [/lib/../lib64] ==> [/lib64]
  collapse library dir [/usr/lib/../lib64] ==> [/usr/lib64]
  collapse library dir [/usr/lib64] ==> [/usr/lib64]
  collapse library dir [/usr/local/lib/gcc/x86_64-unknown-linux-gnu/4.9.3/../../..] ==> [/usr/local/lib]
  implicit libs: [stdc++;m;c]
  implicit dirs: [/usr/lib64;/usr/local/lib/gcc/x86_64-unknown-linux-gnu/4.9.3;/usr/local/lib64;/lib64;/usr/local/lib]
  implicit fwks: []




Detecting CXX [-std=c++14] compiler features compiled with the following output:
Change Dir: /home/zach/Documents/15418/final/VRRayTracing/CMakeFiles/CMakeTmp

Run Build Command:"/usr/bin/gmake" "cmTC_48a52/fast"
gmake[1]: Entering directory '/media/Documents/15418/final/VRRayTracing/CMakeFiles/CMakeTmp'
/usr/bin/gmake -f CMakeFiles/cmTC_48a52.dir/build.make CMakeFiles/cmTC_48a52.dir/build
gmake[2]: Entering directory '/media/Documents/15418/final/VRRayTracing/CMakeFiles/CMakeTmp'
Building CXX object CMakeFiles/cmTC_48a52.dir/feature_tests.cxx.o
/usr/local/bin/c++    -std=c++14 -o CMakeFiles/cmTC_48a52.dir/feature_tests.cxx.o -c /home/zach/Documents/15418/final/VRRayTracing/CMakeFiles/feature_tests.cxx
Linking CXX executable cmTC_48a52
/usr/bin/cmake -E cmake_link_script CMakeFiles/cmTC_48a52.dir/link.txt --verbose=1
/usr/local/bin/c++        CMakeFiles/cmTC_48a52.dir/feature_tests.cxx.o  -o cmTC_48a52 -rdynamic 
gmake[2]: Leaving directory '/media/Documents/15418/final/VRRayTracing/CMakeFiles/CMakeTmp'
gmake[1]: Leaving directory '/media/Documents/15418/final/VRRayTracing/CMakeFiles/CMakeTmp'


    Feature record: CXX_FEATURE:0cxx_aggregate_default_initializers
    Feature record: CXX_FEATURE:1cxx_alias_templates
    Feature record: CXX_FEATURE:1cxx_alignas
    Feature record: CXX_FEATURE:1cxx_alignof
    Feature record: CXX_FEATURE:1cxx_attributes
    Feature record: CXX_FEATURE:1cxx_attribute_deprecated
    Feature record: CXX_FEATURE:1cxx_auto_type
    Feature record: CXX_FEATURE:1cxx_binary_literals
    Feature record: CXX_FEATURE:1cxx_constexpr
    Feature record: CXX_FEATURE:1cxx_contextual_conversions
    Feature record: CXX_FEATURE:1cxx_decltype
    Feature record: CXX_FEATURE:1cxx_decltype_auto
    Feature record: CXX_FEATURE:1cxx_decltype_incomplete_return_types
    Feature record: CXX_FEATURE:1cxx_default_function_template_args
    Feature record: CXX_FEATURE:1cxx_defaulted_functions
    Feature record: CXX_FEATURE:1cxx_defaulted_move_initializers
    Feature record: CXX_FEATURE:1cxx_delegating_constructors
    Feature record: CXX_FEATURE:1cxx_deleted_functions
    Feature record: CXX_FEATURE:1cxx_digit_separators
    Feature record: CXX_FEATURE:1cxx_enum_forward_declarations
    Feature record: CXX_FEATURE:1cxx_explicit_conversions
    Feature record: CXX_FEATURE:1cxx_extended_friend_declarations
    Feature record: CXX_FEATURE:1cxx_extern_templates
    Feature record: CXX_FEATURE:1cxx_final
    Feature record: CXX_FEATURE:1cxx_func_identifier
    Feature record: CXX_FEATURE:1cxx_generalized_initializers
    Feature record: CXX_FEATURE:1cxx_generic_lambdas
    Feature record: CXX_FEATURE:1cxx_inheriting_constructors
    Feature record: CXX_FEATURE:1cxx_inline_namespaces
    Feature record: CXX_FEATURE:1cxx_lambdas
    Feature record: CXX_FEATURE:1cxx_lambda_init_captures
    Feature record: CXX_FEATURE:1cxx_local_type_template_args
    Feature record: CXX_FEATURE:1cxx_long_long_type
    Feature record: CXX_FEATURE:1cxx_noexcept
    Feature record: CXX_FEATURE:1cxx_nonstatic_member_init
    Feature record: CXX_FEATURE:1cxx_nullptr
    Feature record: CXX_FEATURE:1cxx_override
    Feature record: CXX_FEATURE:1cxx_range_for
    Feature record: CXX_FEATURE:1cxx_raw_string_literals
    Feature record: CXX_FEATURE:1cxx_reference_qualified_functions
    Feature record: CXX_FEATURE:0cxx_relaxed_constexpr
    Feature record: CXX_FEATURE:1cxx_return_type_deduction
    Feature record: CXX_FEATURE:1cxx_right_angle_brackets
    Feature record: CXX_FEATURE:1cxx_rvalue_references
    Feature record: CXX_FEATURE:1cxx_sizeof_member
    Feature record: CXX_FEATURE:1cxx_static_assert
    Feature record: CXX_FEATURE:1cxx_strong_enums
    Feature record: CXX_FEATURE:1cxx_template_template_parameters
    Feature record: CXX_FEATURE:1cxx_thread_local
    Feature record: CXX_FEATURE:1cxx_trailing_return_types
    Feature record: CXX_FEATURE:1cxx_unicode_literals
    Feature record: CXX_FEATURE:1cxx_uniform_initialization
    Feature record: CXX_FEATURE:1cxx_unrestricted_unions
    Feature record: CXX_FEATURE:1cxx_user_literals
    Feature record: CXX_FEATURE:0cxx_variable_templates
    Feature record: CXX_FEATURE:1cxx_variadic_macros
    Feature record: CXX_FEATURE:1cxx_variadic_templates


Detecting CXX [-std=c++11] compiler features compiled with the following output:
Change Dir: /home/zach/Documents/15418/final/VRRayTracing/CMakeFiles/CMakeTmp

Run Build Command:"/usr/bin/gmake" "cmTC_13316/fast"
gmake[1]: Entering directory '/media/Documents/15418/final/VRRayTracing/CMakeFiles/CMakeTmp'
/usr/bin/gmake -f CMakeFiles/cmTC_13316.dir/build.make CMakeFiles/cmTC_13316.dir/build
gmake[2]: Entering directory '/media/Documents/15418/final/VRRayTracing/CMakeFiles/CMakeTmp'
Building CXX object CMakeFiles/cmTC_13316.dir/feature_tests.cxx.o
/usr/local/bin/c++    -std=c++11 -o CMakeFiles/cmTC_13316.dir/feature_tests.cxx.o -c /home/zach/Documents/15418/final/VRRayTracing/CMakeFiles/feature_tests.cxx
Linking CXX executable cmTC_13316
/usr/bin/cmake -E cmake_link_script CMakeFiles/cmTC_13316.dir/link.txt --verbose=1
/usr/local/bin/c++        CMakeFiles/cmTC_13316.dir/feature_tests.cxx.o  -o cmTC_13316 -rdynamic 
gmake[2]: Leaving directory '/media/Documents/15418/final/VRRayTracing/CMakeFiles/CMakeTmp'
gmake[1]: Leaving directory '/media/Documents/15418/final/VRRayTracing/CMakeFiles/CMakeTmp'


    Feature record: CXX_FEATURE:0cxx_aggregate_default_initializers
    Feature record: CXX_FEATURE:1cxx_alias_templates
    Feature record: CXX_FEATURE:1cxx_alignas
    Feature record: CXX_FEATURE:1cxx_alignof
    Feature record: CXX_FEATURE:1cxx_attributes
    Feature record: CXX_FEATURE:0cxx_attribute_deprecated
    Feature record: CXX_FEATURE:1cxx_auto_type
    Feature record: CXX_FEATURE:0cxx_binary_literals
    Feature record: CXX_FEATURE:1cxx_constexpr
    Feature record: CXX_FEATURE:0cxx_contextual_conversions
    Feature record: CXX_FEATURE:1cxx_decltype
    Feature record: CXX_FEATURE:0cxx_decltype_auto
    Feature record: CXX_FEATURE:1cxx_decltype_incomplete_return_types
    Feature record: CXX_FEATURE:1cxx_default_function_template_args
    Feature record: CXX_FEATURE:1cxx_defaulted_functions
    Feature record: CXX_FEATURE:1cxx_defaulted_move_initializers
    Feature record: CXX_FEATURE:1cxx_delegating_constructors
    Feature record: CXX_FEATURE:1cxx_deleted_functions
    Feature record: CXX_FEATURE:0cxx_digit_separators
    Feature record: CXX_FEATURE:1cxx_enum_forward_declarations
    Feature record: CXX_FEATURE:1cxx_explicit_conversions
    Feature record: CXX_FEATURE:1cxx_extended_friend_declarations
    Feature record: CXX_FEATURE:1cxx_extern_templates
    Feature record: CXX_FEATURE:1cxx_final
    Feature record: CXX_FEATURE:1cxx_func_identifier
    Feature record: CXX_FEATURE:1cxx_generalized_initializers
    Feature record: CXX_FEATURE:0cxx_generic_lambdas
    Feature record: CXX_FEATURE:1cxx_inheriting_constructors
    Feature record: CXX_FEATURE:1cxx_inline_namespaces
    Feature record: CXX_FEATURE:1cxx_lambdas
    Feature record: CXX_FEATURE:0cxx_lambda_init_captures
    Feature record: CXX_FEATURE:1cxx_local_type_template_args
    Feature record: CXX_FEATURE:1cxx_long_long_type
    Feature record: CXX_FEATURE:1cxx_noexcept
    Feature record: CXX_FEATURE:1cxx_nonstatic_member_init
    Feature record: CXX_FEATURE:1cxx_nullptr
    Feature record: CXX_FEATURE:1cxx_override
    Feature record: CXX_FEATURE:1cxx_range_for
    Feature record: CXX_FEATURE:1cxx_raw_string_literals
    Feature record: CXX_FEATURE:1cxx_reference_qualified_functions
    Feature record: CXX_FEATURE:0cxx_relaxed_constexpr
    Feature record: CXX_FEATURE:0cxx_return_type_deduction
    Feature record: CXX_FEATURE:1cxx_right_angle_brackets
    Feature record: CXX_FEATURE:1cxx_rvalue_references
    Feature record: CXX_FEATURE:1cxx_sizeof_member
    Feature record: CXX_FEATURE:1cxx_static_assert
    Feature record: CXX_FEATURE:1cxx_strong_enums
    Feature record: CXX_FEATURE:1cxx_template_template_parameters
    Feature record: CXX_FEATURE:1cxx_thread_local
    Feature record: CXX_FEATURE:1cxx_trailing_return_types
    Feature record: CXX_FEATURE:1cxx_unicode_literals
    Feature record: CXX_FEATURE:1cxx_uniform_initialization
    Feature record: CXX_FEATURE:1cxx_unrestricted_unions
    Feature record: CXX_FEATURE:1cxx_user_literals
    Feature record: CXX_FEATURE:0cxx_variable_templates
    Feature record: CXX_FEATURE:1cxx_variadic_macros
    Feature record: CXX_FEATURE:1cxx_variadic_templates


Detecting CXX [-std=c++98] compiler features compiled with the following output:
Change Dir: /home/zach/Documents/15418/final/VRRayTracing/CMakeFiles/CMakeTmp

Run Build Command:"/usr/bin/gmake" "cmTC_40393/fast"
gmake[1]: Entering directory '/media/Documents/15418/final/VRRayTracing/CMakeFiles/CMakeTmp'
/usr/bin/gmake -f CMakeFiles/cmTC_40393.dir/build.make CMakeFiles/cmTC_40393.dir/build
gmake[2]: Entering directory '/media/Documents/15418/final/VRRayTracing/CMakeFiles/CMakeTmp'
Building CXX object CMakeFiles/cmTC_40393.dir/feature_tests.cxx.o
/usr/local/bin/c++    -std=c++98 -o CMakeFiles/cmTC_40393.dir/feature_tests.cxx.o -c /home/zach/Documents/15418/final/VRRayTracing/CMakeFiles/feature_tests.cxx
Linking CXX executable cmTC_40393
/usr/bin/cmake -E cmake_link_script CMakeFiles/cmTC_40393.dir/link.txt --verbose=1
/usr/local/bin/c++        CMakeFiles/cmTC_40393.dir/feature_tests.cxx.o  -o cmTC_40393 -rdynamic 
gmake[2]: Leaving directory '/media/Documents/15418/final/VRRayTracing/CMakeFiles/CMakeTmp'
gmake[1]: Leaving directory '/media/Documents/15418/final/VRRayTracing/CMakeFiles/CMakeTmp'


    Feature record: CXX_FEATURE:0cxx_aggregate_default_initializers
    Feature record: CXX_FEATURE:0cxx_alias_templates
    Feature record: CXX_FEATURE:0cxx_alignas
    Feature record: CXX_FEATURE:0cxx_alignof
    Feature record: CXX_FEATURE:0cxx_attributes
    Feature record: CXX_FEATURE:0cxx_attribute_deprecated
    Feature record: CXX_FEATURE:0cxx_auto_type
    Feature record: CXX_FEATURE:0cxx_binary_literals
    Feature record: CXX_FEATURE:0cxx_constexpr
    Feature record: CXX_FEATURE:0cxx_contextual_conversions
    Feature record: CXX_FEATURE:0cxx_decltype
    Feature record: CXX_FEATURE:0cxx_decltype_auto
    Feature record: CXX_FEATURE:0cxx_decltype_incomplete_return_types
    Feature record: CXX_FEATURE:0cxx_default_function_template_args
    Feature record: CXX_FEATURE:0cxx_defaulted_functions
    Feature record: CXX_FEATURE:0cxx_defaulted_move_initializers
    Feature record: CXX_FEATURE:0cxx_delegating_constructors
    Feature record: CXX_FEATURE:0cxx_deleted_functions
    Feature record: CXX_FEATURE:0cxx_digit_separators
    Feature record: CXX_FEATURE:0cxx_enum_forward_declarations
    Feature record: CXX_FEATURE:0cxx_explicit_conversions
    Feature record: CXX_FEATURE:0cxx_extended_friend_declarations
    Feature record: CXX_FEATURE:0cxx_extern_templates
    Feature record: CXX_FEATURE:0cxx_final
    Feature record: CXX_FEATURE:0cxx_func_identifier
    Feature record: CXX_FEATURE:0cxx_generalized_initializers
    Feature record: CXX_FEATURE:0cxx_generic_lambdas
    Feature record: CXX_FEATURE:0cxx_inheriting_constructors
    Feature record: CXX_FEATURE:0cxx_inline_namespaces
    Feature record: CXX_FEATURE:0cxx_lambdas
    Feature record: CXX_FEATURE:0cxx_lambda_init_captures
    Feature record: CXX_FEATURE:0cxx_local_type_template_args
    Feature record: CXX_FEATURE:0cxx_long_long_type
    Feature record: CXX_FEATURE:0cxx_noexcept
    Feature record: CXX_FEATURE:0cxx_nonstatic_member_init
    Feature record: CXX_FEATURE:0cxx_nullptr
    Feature record: CXX_FEATURE:0cxx_override
    Feature record: CXX_FEATURE:0cxx_range_for
    Feature record: CXX_FEATURE:0cxx_raw_string_literals
    Feature record: CXX_FEATURE:0cxx_reference_qualified_functions
    Feature record: CXX_FEATURE:0cxx_relaxed_constexpr
    Feature record: CXX_FEATURE:0cxx_return_type_deduction
    Feature record: CXX_FEATURE:0cxx_right_angle_brackets
    Feature record: CXX_FEATURE:0cxx_rvalue_references
    Feature record: CXX_FEATURE:0cxx_sizeof_member
    Feature record: CXX_FEATURE:0cxx_static_assert
    Feature record: CXX_FEATURE:0cxx_strong_enums
    Feature record: CXX_FEATURE:1cxx_template_template_parameters
    Feature record: CXX_FEATURE:0cxx_thread_local
    Feature record: CXX_FEATURE:0cxx_trailing_return_types
    Feature record: CXX_FEATURE:0cxx_unicode_literals
    Feature record: CXX_FEATURE:0cxx_uniform_initialization
    Feature record: CXX_FEATURE:0cxx_unrestricted_unions
    Feature record: CXX_FEATURE:0cxx_user_literals
    Feature record: CXX_FEATURE:0cxx_variable_templates
    Feature record: CXX_FEATURE:0cxx_variadic_macros
    Feature record: CXX_FEATURE:0cxx_variadic_templates
Compiling the C compiler identification source file "CMakeCCompilerId.c" succeeded.
Compiler: /usr/local/bin/gcc 
Build flags: 
Id flags: 

The output was:
0


Compilation of the C compiler identification source "CMakeCCompilerId.c" produced "a.out"

The C compiler identification is GNU, found in "/home/zach/Documents/15418/final/VRRayTracing/CMakeFiles/3.3.2/CompilerIdC/a.out"

Determining if the C compiler works passed with the following output:
Change Dir: /home/zach/Documents/15418/final/VRRayTracing/CMakeFiles/CMakeTmp

Run Build Command:"/usr/bin/gmake" "cmTC_39515/fast"
gmake[1]: Entering directory '/media/Documents/15418/final/VRRayTracing/CMakeFiles/CMakeTmp'
/usr/bin/gmake -f CMakeFiles/cmTC_39515.dir/build.make CMakeFiles/cmTC_39515.dir/build
gmake[2]: Entering directory '/media/Documents/15418/final/VRRayTracing/CMakeFiles/CMakeTmp'
Building C object CMakeFiles/cmTC_39515.dir/testCCompiler.c.o
/usr/local/bin/gcc    -o CMakeFiles/cmTC_39515.dir/testCCompiler.c.o   -c /home/zach/Documents/15418/final/VRRayTracing/CMakeFiles/CMakeTmp/testCCompiler.c
Linking C executable cmTC_39515
/usr/bin/cmake -E cmake_link_script CMakeFiles/cmTC_39515.dir/link.txt --verbose=1
/usr/local/bin/gcc       CMakeFiles/cmTC_39515.dir/testCCompiler.c.o  -o cmTC_39515 -rdynamic 
gmake[2]: Leaving directory '/media/Documents/15418/final/VRRayTracing/CMakeFiles/CMakeTmp'
gmake[1]: Leaving directory '/media/Documents/15418/final/VRRayTracing/CMakeFiles/CMakeTmp'


Detecting C compiler ABI info compiled with the following output:
Change Dir: /home/zach/Documents/15418/final/VRRayTracing/CMakeFiles/CMakeTmp

Run Build Command:"/usr/bin/gmake" "cmTC_9fee6/fast"
gmake[1]: Entering directory '/media/Documents/15418/final/VRRayTracing/CMakeFiles/CMakeTmp'
/usr/bin/gmake -f CMakeFiles/cmTC_9fee6.dir/build.make CMakeFiles/cmTC_9fee6.dir/build
gmake[2]: Entering directory '/media/Documents/15418/final/VRRayTracing/CMakeFiles/CMakeTmp'
Building C object CMakeFiles/cmTC_9fee6.dir/CMakeCCompilerABI.c.o
/usr/local/bin/gcc    -o CMakeFiles/cmTC_9fee6.dir/CMakeCCompilerABI.c.o   -c /usr/share/cmake/Modules/CMakeCCompilerABI.c
Linking C executable cmTC_9fee6
/usr/bin/cmake -E cmake_link_script CMakeFiles/cmTC_9fee6.dir/link.txt --verbose=1
/usr/local/bin/gcc      -v CMakeFiles/cmTC_9fee6.dir/CMakeCCompilerABI.c.o  -o cmTC_9fee6 -rdynamic  
Using built-in specs.
COLLECT_GCC=/usr/local/bin/gcc
COLLECT_LTO_WRAPPER=/usr/local/libexec/gcc/x86_64-unknown-linux-gnu/4.9.3/lto-wrapper
Target: x86_64-unknown-linux-gnu
Configured with: ./configure
Thread model: posix
gcc version 4.9.3 (GCC) 
COMPILER_PATH=/usr/local/libexec/gcc/x86_64-unknown-linux-gnu/4.9.3/:/usr/local/libexec/gcc/x86_64-unknown-linux-gnu/4.9.3/:/usr/local/libexec/gcc/x86_64-unknown-linux-gnu/:/usr/local/lib/gcc/x86_64-unknown-linux-gnu/4.9.3/:/usr/local/lib/gcc/x86_64-unknown-linux-gnu/
LIBRARY_PATH=/usr/lib64/../lib64/:/usr/local/lib/gcc/x86_64-unknown-linux-gnu/4.9.3/:/usr/local/lib/gcc/x86_64-unknown-linux-gnu/4.9.3/../../../../lib64/:/lib/../lib64/:/usr/lib/../lib64/:/usr/lib64/:./:/usr/local/lib/gcc/x86_64-unknown-linux-gnu/4.9.3/../../../:/lib/:/usr/lib/
COLLECT_GCC_OPTIONS='-v' '-o' 'cmTC_9fee6' '-rdynamic' '-mtune=generic' '-march=x86-64'
 /usr/local/libexec/gcc/x86_64-unknown-linux-gnu/4.9.3/collect2 --eh-frame-hdr -m elf_x86_64 -export-dynamic -dynamic-linker /lib64/ld-linux-x86-64.so.2 -o cmTC_9fee6 /usr/lib64/../lib64/crt1.o /usr/lib64/../lib64/crti.o /usr/local/lib/gcc/x86_64-unknown-linux-gnu/4.9.3/crtbegin.o -L/usr/lib64/../lib64 -L/usr/local/lib/gcc/x86_64-unknown-linux-gnu/4.9.3 -L/usr/local/lib/gcc/x86_64-unknown-linux-gnu/4.9.3/../../../../lib64 -L/lib/../lib64 -L/usr/lib/../lib64 -L/usr/lib64 -L. -L/usr/local/lib/gcc/x86_64-unknown-linux-gnu/4.9.3/../../.. CMakeFiles/cmTC_9fee6.dir/CMakeCCompilerABI.c.o -lgcc --as-needed -lgcc_s --no-as-needed -lc -lgcc --as-needed -lgcc_s --no-as-needed /usr/local/lib/gcc/x86_64-unknown-linux-gnu/4.9.3/crtend.o /usr/lib64/../lib64/crtn.o
gmake[2]: Leaving directory '/media/Documents/15418/final/VRRayTracing/CMakeFiles/CMakeTmp'
gmake[1]: Leaving directory '/media/Documents/15418/final/VRRayTracing/CMakeFiles/CMakeTmp'


Parsed C implicit link information from above output:
  link line regex: [^( *|.*[/\])(ld|([^/\]+-)?ld|collect2)[^/\]*( |$)]
  ignore line: [Change Dir: /home/zach/Documents/15418/final/VRRayTracing/CMakeFiles/CMakeTmp]
  ignore line: []
  ignore line: [Run Build Command:"/usr/bin/gmake" "cmTC_9fee6/fast"]
  ignore line: [gmake[1]: Entering directory '/media/Documents/15418/final/VRRayTracing/CMakeFiles/CMakeTmp']
  ignore line: [/usr/bin/gmake -f CMakeFiles/cmTC_9fee6.dir/build.make CMakeFiles/cmTC_9fee6.dir/build]
  ignore line: [gmake[2]: Entering directory '/media/Documents/15418/final/VRRayTracing/CMakeFiles/CMakeTmp']
  ignore line: [Building C object CMakeFiles/cmTC_9fee6.dir/CMakeCCompilerABI.c.o]
  ignore line: [/usr/local/bin/gcc    -o CMakeFiles/cmTC_9fee6.dir/CMakeCCompilerABI.c.o   -c /usr/share/cmake/Modules/CMakeCCompilerABI.c]
  ignore line: [Linking C executable cmTC_9fee6]
  ignore line: [/usr/bin/cmake -E cmake_link_script CMakeFiles/cmTC_9fee6.dir/link.txt --verbose=1]
  ignore line: [/usr/local/bin/gcc      -v CMakeFiles/cmTC_9fee6.dir/CMakeCCompilerABI.c.o  -o cmTC_9fee6 -rdynamic  ]
  ignore line: [Using built-in specs.]
  ignore line: [COLLECT_GCC=/usr/local/bin/gcc]
  ignore line: [COLLECT_LTO_WRAPPER=/usr/local/libexec/gcc/x86_64-unknown-linux-gnu/4.9.3/lto-wrapper]
  ignore line: [Target: x86_64-unknown-linux-gnu]
  ignore line: [Configured with: ./configure]
  ignore line: [Thread model: posix]
  ignore line: [gcc version 4.9.3 (GCC) ]
  ignore line: [COMPILER_PATH=/usr/local/libexec/gcc/x86_64-unknown-linux-gnu/4.9.3/:/usr/local/libexec/gcc/x86_64-unknown-linux-gnu/4.9.3/:/usr/local/libexec/gcc/x86_64-unknown-linux-gnu/:/usr/local/lib/gcc/x86_64-unknown-linux-gnu/4.9.3/:/usr/local/lib/gcc/x86_64-unknown-linux-gnu/]
  ignore line: [LIBRARY_PATH=/usr/lib64/../lib64/:/usr/local/lib/gcc/x86_64-unknown-linux-gnu/4.9.3/:/usr/local/lib/gcc/x86_64-unknown-linux-gnu/4.9.3/../../../../lib64/:/lib/../lib64/:/usr/lib/../lib64/:/usr/lib64/:./:/usr/local/lib/gcc/x86_64-unknown-linux-gnu/4.9.3/../../../:/lib/:/usr/lib/]
  ignore line: [COLLECT_GCC_OPTIONS='-v' '-o' 'cmTC_9fee6' '-rdynamic' '-mtune=generic' '-march=x86-64']
  link line: [ /usr/local/libexec/gcc/x86_64-unknown-linux-gnu/4.9.3/collect2 --eh-frame-hdr -m elf_x86_64 -export-dynamic -dynamic-linker /lib64/ld-linux-x86-64.so.2 -o cmTC_9fee6 /usr/lib64/../lib64/crt1.o /usr/lib64/../lib64/crti.o /usr/local/lib/gcc/x86_64-unknown-linux-gnu/4.9.3/crtbegin.o -L/usr/lib64/../lib64 -L/usr/local/lib/gcc/x86_64-unknown-linux-gnu/4.9.3 -L/usr/local/lib/gcc/x86_64-unknown-linux-gnu/4.9.3/../../../../lib64 -L/lib/../lib64 -L/usr/lib/../lib64 -L/usr/lib64 -L. -L/usr/local/lib/gcc/x86_64-unknown-linux-gnu/4.9.3/../../.. CMakeFiles/cmTC_9fee6.dir/CMakeCCompilerABI.c.o -lgcc --as-needed -lgcc_s --no-as-needed -lc -lgcc --as-needed -lgcc_s --no-as-needed /usr/local/lib/gcc/x86_64-unknown-linux-gnu/4.9.3/crtend.o /usr/lib64/../lib64/crtn.o]
    arg [/usr/local/libexec/gcc/x86_64-unknown-linux-gnu/4.9.3/collect2] ==> ignore
    arg [--eh-frame-hdr] ==> ignore
    arg [-m] ==> ignore
    arg [elf_x86_64] ==> ignore
    arg [-export-dynamic] ==> ignore
    arg [-dynamic-linker] ==> ignore
    arg [/lib64/ld-linux-x86-64.so.2] ==> ignore
    arg [-o] ==> ignore
    arg [cmTC_9fee6] ==> ignore
    arg [/usr/lib64/../lib64/crt1.o] ==> ignore
    arg [/usr/lib64/../lib64/crti.o] ==> ignore
    arg [/usr/local/lib/gcc/x86_64-unknown-linux-gnu/4.9.3/crtbegin.o] ==> ignore
    arg [-L/usr/lib64/../lib64] ==> dir [/usr/lib64/../lib64]
    arg [-L/usr/local/lib/gcc/x86_64-unknown-linux-gnu/4.9.3] ==> dir [/usr/local/lib/gcc/x86_64-unknown-linux-gnu/4.9.3]
    arg [-L/usr/local/lib/gcc/x86_64-unknown-linux-gnu/4.9.3/../../../../lib64] ==> dir [/usr/local/lib/gcc/x86_64-unknown-linux-gnu/4.9.3/../../../../lib64]
    arg [-L/lib/../lib64] ==> dir [/lib/../lib64]
    arg [-L/usr/lib/../lib64] ==> dir [/usr/lib/../lib64]
    arg [-L/usr/lib64] ==> dir [/usr/lib64]
    arg [-L.] ==> ignore
    arg [-L/usr/local/lib/gcc/x86_64-unknown-linux-gnu/4.9.3/../../..] ==> dir [/usr/local/lib/gcc/x86_64-unknown-linux-gnu/4.9.3/../../..]
    arg [CMakeFiles/cmTC_9fee6.dir/CMakeCCompilerABI.c.o] ==> ignore
    arg [-lgcc] ==> lib [gcc]
    arg [--as-needed] ==> ignore
    arg [-lgcc_s] ==> lib [gcc_s]
    arg [--no-as-needed] ==> ignore
    arg [-lc] ==> lib [c]
    arg [-lgcc] ==> lib [gcc]
    arg [--as-needed] ==> ignore
    arg [-lgcc_s] ==> lib [gcc_s]
    arg [--no-as-needed] ==> ignore
    arg [/usr/local/lib/gcc/x86_64-unknown-linux-gnu/4.9.3/crtend.o] ==> ignore
    arg [/usr/lib64/../lib64/crtn.o] ==> ignore
  remove lib [gcc]
  remove lib [gcc_s]
  remove lib [gcc]
  remove lib [gcc_s]
  collapse library dir [/usr/lib64/../lib64] ==> [/usr/lib64]
  collapse library dir [/usr/local/lib/gcc/x86_64-unknown-linux-gnu/4.9.3] ==> [/usr/local/lib/gcc/x86_64-unknown-linux-gnu/4.9.3]
  collapse library dir [/usr/local/lib/gcc/x86_64-unknown-linux-gnu/4.9.3/../../../../lib64] ==> [/usr/local/lib64]
  collapse library dir [/lib/../lib64] ==> [/lib64]
  collapse library dir [/usr/lib/../lib64] ==> [/usr/lib64]
  collapse library dir [/usr/lib64] ==> [/usr/lib64]
  collapse library dir [/usr/local/lib/gcc/x86_64-unknown-linux-gnu/4.9.3/../../..] ==> [/usr/local/lib]
  implicit libs: [c]
  implicit dirs: [/usr/lib64;/usr/local/lib/gcc/x86_64-unknown-linux-gnu/4.9.3;/usr/local/lib64;/lib64;/usr/local/lib]
  implicit fwks: []




Detecting C [-std=c11] compiler features compiled with the following output:
Change Dir: /home/zach/Documents/15418/final/VRRayTracing/CMakeFiles/CMakeTmp

Run Build Command:"/usr/bin/gmake" "cmTC_59ae7/fast"
gmake[1]: Entering directory '/media/Documents/15418/final/VRRayTracing/CMakeFiles/CMakeTmp'
/usr/bin/gmake -f CMakeFiles/cmTC_59ae7.dir/build.make CMakeFiles/cmTC_59ae7.dir/build
gmake[2]: Entering directory '/media/Documents/15418/final/VRRayTracing/CMakeFiles/CMakeTmp'
Building C object CMakeFiles/cmTC_59ae7.dir/feature_tests.c.o
/usr/local/bin/gcc   -std=c11 -o CMakeFiles/cmTC_59ae7.dir/feature_tests.c.o   -c /home/zach/Documents/15418/final/VRRayTracing/CMakeFiles/feature_tests.c
Linking C executable cmTC_59ae7
/usr/bin/cmake -E cmake_link_script CMakeFiles/cmTC_59ae7.dir/link.txt --verbose=1
/usr/local/bin/gcc       CMakeFiles/cmTC_59ae7.dir/feature_tests.c.o  -o cmTC_59ae7 -rdynamic 
gmake[2]: Leaving directory '/media/Documents/15418/final/VRRayTracing/CMakeFiles/CMakeTmp'
gmake[1]: Leaving directory '/media/Documents/15418/final/VRRayTracing/CMakeFiles/CMakeTmp'


    Feature record: C_FEATURE:1c_function_prototypes
    Feature record: C_FEATURE:1c_restrict
    Feature record: C_FEATURE:1c_static_assert
    Feature record: C_FEATURE:1c_variadic_macros


Detecting C [-std=c99] compiler features compiled with the following output:
Change Dir: /home/zach/Documents/15418/final/VRRayTracing/CMakeFiles/CMakeTmp

Run Build Command:"/usr/bin/gmake" "cmTC_3e8d4/fast"
gmake[1]: Entering directory '/media/Documents/15418/final/VRRayTracing/CMakeFiles/CMakeTmp'
/usr/bin/gmake -f CMakeFiles/cmTC_3e8d4.dir/build.make CMakeFiles/cmTC_3e8d4.dir/build
gmake[2]: Entering directory '/media/Documents/15418/final/VRRayTracing/CMakeFiles/CMakeTmp'
Building C object CMakeFiles/cmTC_3e8d4.dir/feature_tests.c.o
/usr/local/bin/gcc   -std=c99 -o CMakeFiles/cmTC_3e8d4.dir/feature_tests.c.o   -c /home/zach/Documents/15418/final/VRRayTracing/CMakeFiles/feature_tests.c
Linking C executable cmTC_3e8d4
/usr/bin/cmake -E cmake_link_script CMakeFiles/cmTC_3e8d4.dir/link.txt --verbose=1
/usr/local/bin/gcc       CMakeFiles/cmTC_3e8d4.dir/feature_tests.c.o  -o cmTC_3e8d4 -rdynamic 
gmake[2]: Leaving directory '/media/Documents/15418/final/VRRayTracing/CMakeFiles/CMakeTmp'
gmake[1]: Leaving directory '/media/Documents/15418/final/VRRayTracing/CMakeFiles/CMakeTmp'


    Feature record: C_FEATURE:1c_function_prototypes
    Feature record: C_FEATURE:1c_restrict
    Feature record: C_FEATURE:0c_static_assert
    Feature record: C_FEATURE:1c_variadic_macros


Detecting C [-std=c90] compiler features compiled with the following output:
Change Dir: /home/zach/Documents/15418/final/VRRayTracing/CMakeFiles/CMakeTmp

Run Build Command:"/usr/bin/gmake" "cmTC_700c5/fast"
gmake[1]: Entering directory '/media/Documents/15418/final/VRRayTracing/CMakeFiles/CMakeTmp'
/usr/bin/gmake -f CMakeFiles/cmTC_700c5.dir/build.make CMakeFiles/cmTC_700c5.dir/build
gmake[2]: Entering directory '/media/Documents/15418/final/VRRayTracing/CMakeFiles/CMakeTmp'
Building C object CMakeFiles/cmTC_700c5.dir/feature_tests.c.o
/usr/local/bin/gcc   -std=c90 -o CMakeFiles/cmTC_700c5.dir/feature_tests.c.o   -c /home/zach/Documents/15418/final/VRRayTracing/CMakeFiles/feature_tests.c
Linking C executable cmTC_700c5
/usr/bin/cmake -E cmake_link_script CMakeFiles/cmTC_700c5.dir/link.txt --verbose=1
/usr/local/bin/gcc       CMakeFiles/cmTC_700c5.dir/feature_tests.c.o  -o cmTC_700c5 -rdynamic 
gmake[2]: Leaving directory '/media/Documents/15418/final/VRRayTracing/CMakeFiles/CMakeTmp'
gmake[1]: Leaving directory '/media/Documents/15418/final/VRRayTracing/CMakeFiles/CMakeTmp'


    Feature record: C_FEATURE:1c_function_prototypes
    Feature record: C_FEATURE:0c_restrict
    Feature record: C_FEATURE:0c_static_assert
    Feature record: C_FEATURE:0c_variadic_macros
Determining if files pthread.h exist passed with the following output:
Change Dir: /home/zach/Documents/15418/final/VRRayTracing/CMakeFiles/CMakeTmp

Run Build Command:"/usr/bin/gmake" "cmTC_edf88/fast"
gmake[1]: Entering directory '/media/Documents/15418/final/VRRayTracing/CMakeFiles/CMakeTmp'
/usr/bin/gmake -f CMakeFiles/cmTC_edf88.dir/build.make CMakeFiles/cmTC_edf88.dir/build
gmake[2]: Entering directory '/media/Documents/15418/final/VRRayTracing/CMakeFiles/CMakeTmp'
Building C object CMakeFiles/cmTC_edf88.dir/CheckIncludeFiles.c.o
/usr/local/bin/gcc    -o CMakeFiles/cmTC_edf88.dir/CheckIncludeFiles.c.o   -c /home/zach/Documents/15418/final/VRRayTracing/CMakeFiles/CMakeTmp/CheckIncludeFiles.c
Linking C executable cmTC_edf88
/usr/bin/cmake -E cmake_link_script CMakeFiles/cmTC_edf88.dir/link.txt --verbose=1
/usr/local/bin/gcc       CMakeFiles/cmTC_edf88.dir/CheckIncludeFiles.c.o  -o cmTC_edf88 -rdynamic 
gmake[2]: Leaving directory '/media/Documents/15418/final/VRRayTracing/CMakeFiles/CMakeTmp'
gmake[1]: Leaving directory '/media/Documents/15418/final/VRRayTracing/CMakeFiles/CMakeTmp'


Determining if the function pthread_create exists in the pthread passed with the following output:
Change Dir: /home/zach/Documents/15418/final/VRRayTracing/CMakeFiles/CMakeTmp

Run Build Command:"/usr/bin/gmake" "cmTC_1fba1/fast"
gmake[1]: Entering directory '/media/Documents/15418/final/VRRayTracing/CMakeFiles/CMakeTmp'
/usr/bin/gmake -f CMakeFiles/cmTC_1fba1.dir/build.make CMakeFiles/cmTC_1fba1.dir/build
gmake[2]: Entering directory '/media/Documents/15418/final/VRRayTracing/CMakeFiles/CMakeTmp'
Building C object CMakeFiles/cmTC_1fba1.dir/CheckFunctionExists.c.o
/usr/local/bin/gcc   -DCHECK_FUNCTION_EXISTS=pthread_create   -o CMakeFiles/cmTC_1fba1.dir/CheckFunctionExists.c.o   -c /usr/share/cmake/Modules/CheckFunctionExists.c
Linking C executable cmTC_1fba1
/usr/bin/cmake -E cmake_link_script CMakeFiles/cmTC_1fba1.dir/link.txt --verbose=1
/usr/local/bin/gcc   -DCHECK_FUNCTION_EXISTS=pthread_create    CMakeFiles/cmTC_1fba1.dir/CheckFunctionExists.c.o  -o cmTC_1fba1 -rdynamic -lpthread 
gmake[2]: Leaving directory '/media/Documents/15418/final/VRRayTracing/CMakeFiles/CMakeTmp'
gmake[1]: Leaving directory '/media/Documents/15418/final/VRRayTracing/CMakeFiles/CMakeTmp'


Determining if files pthread.h exist passed with the following output:
Change Dir: /home/zach/Documents/15418/final/Combined/src/VRRayTracing/CMakeFiles/CMakeTmp

Run Build Command:"/usr/bin/gmake" "cmTC_c9ff8/fast"
/usr/bin/gmake -f CMakeFiles/cmTC_c9ff8.dir/build.make CMakeFiles/cmTC_c9ff8.dir/build
gmake[1]: Entering directory '/media/Documents/15418/final/Combined/src/VRRayTracing/CMakeFiles/CMakeTmp'
Building C object CMakeFiles/cmTC_c9ff8.dir/CheckIncludeFiles.c.o
/usr/local/bin/gcc    -o CMakeFiles/cmTC_c9ff8.dir/CheckIncludeFiles.c.o   -c /home/zach/Documents/15418/final/Combined/src/VRRayTracing/CMakeFiles/CMakeTmp/CheckIncludeFiles.c
Linking C executable cmTC_c9ff8
/usr/bin/cmake -E cmake_link_script CMakeFiles/cmTC_c9ff8.dir/link.txt --verbose=1
/usr/local/bin/gcc       CMakeFiles/cmTC_c9ff8.dir/CheckIncludeFiles.c.o  -o cmTC_c9ff8 -rdynamic 
gmake[1]: Leaving directory '/media/Documents/15418/final/Combined/src/VRRayTracing/CMakeFiles/CMakeTmp'


Determining if the function pthread_create exists in the pthread passed with the following output:
Change Dir: /home/zach/Documents/15418/final/Combined/src/VRRayTracing/CMakeFiles/CMakeTmp

Run Build Command:"/usr/bin/gmake" "cmTC_4cb18/fast"
/usr/bin/gmake -f CMakeFiles/cmTC_4cb18.dir/build.make CMakeFiles/cmTC_4cb18.dir/build
gmake[1]: Entering directory '/media/Documents/15418/final/Combined/src/VRRayTracing/CMakeFiles/CMakeTmp'
Building C object CMakeFiles/cmTC_4cb18.dir/CheckFunctionExists.c.o
/usr/local/bin/gcc   -DCHECK_FUNCTION_EXISTS=pthread_create   -o CMakeFiles/cmTC_4cb18.dir/CheckFunctionExists.c.o   -c /usr/share/cmake/Modules/CheckFunctionExists.c
Linking C executable cmTC_4cb18
/usr/bin/cmake -E cmake_link_script CMakeFiles/cmTC_4cb18.dir/link.txt --verbose=1
/usr/local/bin/gcc   -DCHECK_FUNCTION_EXISTS=pthread_create    CMakeFiles/cmTC_4cb18.dir/CheckFunctionExists.c.o  -o cmTC_4cb18 -rdynamic -lpthread 
gmake[1]: Leaving directory '/media/Documents/15418/final/Combined/src/VRRayTracing/CMakeFiles/CMakeTmp'


