Compiling the C compiler identification source file "CMakeCCompilerId.c" failed.
Compiler: /usr/local/bin/cc 
Build flags: 
Id flags: 

The output was:
No such file or directory


Compiling the C compiler identification source file "CMakeCCompilerId.c" failed.
Compiler: /usr/local/bin/cc 
Build flags: 
Id flags: -c

The output was:
No such file or directory


Compiling the C compiler identification source file "CMakeCCompilerId.c" failed.
Compiler: /usr/local/bin/cc 
Build flags: 
Id flags: -Aa

The output was:
No such file or directory


Checking whether the C compiler is IAR using "" did not match "IAR .+ Compiler":
Determining if the pthread_create exist failed with the following output:
Change Dir: /home/zach/Documents/15418/final/VRRayTracing/CMakeFiles/CMakeTmp

Run Build Command:"/usr/bin/gmake" "cmTC_57ee5/fast"
gmake[1]: Entering directory '/media/Documents/15418/final/VRRayTracing/CMakeFiles/CMakeTmp'
/usr/bin/gmake -f CMakeFiles/cmTC_57ee5.dir/build.make CMakeFiles/cmTC_57ee5.dir/build
gmake[2]: Entering directory '/media/Documents/15418/final/VRRayTracing/CMakeFiles/CMakeTmp'
Building C object CMakeFiles/cmTC_57ee5.dir/CheckSymbolExists.c.o
/usr/local/bin/gcc    -o CMakeFiles/cmTC_57ee5.dir/CheckSymbolExists.c.o   -c /home/zach/Documents/15418/final/VRRayTracing/CMakeFiles/CMakeTmp/CheckSymbolExists.c
Linking C executable cmTC_57ee5
/usr/bin/cmake -E cmake_link_script CMakeFiles/cmTC_57ee5.dir/link.txt --verbose=1
/usr/local/bin/gcc       CMakeFiles/cmTC_57ee5.dir/CheckSymbolExists.c.o  -o cmTC_57ee5 -rdynamic 
CMakeFiles/cmTC_57ee5.dir/CheckSymbolExists.c.o: In function `main':
CheckSymbolExists.c:(.text+0x16): undefined reference to `pthread_create'
collect2: error: ld returned 1 exit status
CMakeFiles/cmTC_57ee5.dir/build.make:97: recipe for target 'cmTC_57ee5' failed
gmake[2]: *** [cmTC_57ee5] Error 1
gmake[2]: Leaving directory '/media/Documents/15418/final/VRRayTracing/CMakeFiles/CMakeTmp'
Makefile:126: recipe for target 'cmTC_57ee5/fast' failed
gmake[1]: *** [cmTC_57ee5/fast] Error 2
gmake[1]: Leaving directory '/media/Documents/15418/final/VRRayTracing/CMakeFiles/CMakeTmp'

File /home/zach/Documents/15418/final/VRRayTracing/CMakeFiles/CMakeTmp/CheckSymbolExists.c:
/* */
#include <pthread.h>

int main(int argc, char** argv)
{
  (void)argv;
#ifndef pthread_create
  return ((int*)(&pthread_create))[argc];
#else
  (void)argc;
  return 0;
#endif
}

Determining if the function pthread_create exists in the pthreads failed with the following output:
Change Dir: /home/zach/Documents/15418/final/VRRayTracing/CMakeFiles/CMakeTmp

Run Build Command:"/usr/bin/gmake" "cmTC_f8329/fast"
gmake[1]: Entering directory '/media/Documents/15418/final/VRRayTracing/CMakeFiles/CMakeTmp'
/usr/bin/gmake -f CMakeFiles/cmTC_f8329.dir/build.make CMakeFiles/cmTC_f8329.dir/build
gmake[2]: Entering directory '/media/Documents/15418/final/VRRayTracing/CMakeFiles/CMakeTmp'
Building C object CMakeFiles/cmTC_f8329.dir/CheckFunctionExists.c.o
/usr/local/bin/gcc   -DCHECK_FUNCTION_EXISTS=pthread_create   -o CMakeFiles/cmTC_f8329.dir/CheckFunctionExists.c.o   -c /usr/share/cmake/Modules/CheckFunctionExists.c
Linking C executable cmTC_f8329
/usr/bin/cmake -E cmake_link_script CMakeFiles/cmTC_f8329.dir/link.txt --verbose=1
/usr/local/bin/gcc   -DCHECK_FUNCTION_EXISTS=pthread_create    CMakeFiles/cmTC_f8329.dir/CheckFunctionExists.c.o  -o cmTC_f8329 -rdynamic -lpthreads 
/usr/bin/ld: cannot find -lpthreads
collect2: error: ld returned 1 exit status
CMakeFiles/cmTC_f8329.dir/build.make:97: recipe for target 'cmTC_f8329' failed
gmake[2]: *** [cmTC_f8329] Error 1
gmake[2]: Leaving directory '/media/Documents/15418/final/VRRayTracing/CMakeFiles/CMakeTmp'
Makefile:126: recipe for target 'cmTC_f8329/fast' failed
gmake[1]: *** [cmTC_f8329/fast] Error 2
gmake[1]: Leaving directory '/media/Documents/15418/final/VRRayTracing/CMakeFiles/CMakeTmp'


Determining if the pthread_create exist failed with the following output:
Change Dir: /home/zach/Documents/15418/final/Combined/src/VRRayTracing/CMakeFiles/CMakeTmp

Run Build Command:"/usr/bin/gmake" "cmTC_a73dc/fast"
/usr/bin/gmake -f CMakeFiles/cmTC_a73dc.dir/build.make CMakeFiles/cmTC_a73dc.dir/build
gmake[1]: Entering directory '/media/Documents/15418/final/Combined/src/VRRayTracing/CMakeFiles/CMakeTmp'
Building C object CMakeFiles/cmTC_a73dc.dir/CheckSymbolExists.c.o
/usr/local/bin/gcc    -o CMakeFiles/cmTC_a73dc.dir/CheckSymbolExists.c.o   -c /home/zach/Documents/15418/final/Combined/src/VRRayTracing/CMakeFiles/CMakeTmp/CheckSymbolExists.c
Linking C executable cmTC_a73dc
/usr/bin/cmake -E cmake_link_script CMakeFiles/cmTC_a73dc.dir/link.txt --verbose=1
/usr/local/bin/gcc       CMakeFiles/cmTC_a73dc.dir/CheckSymbolExists.c.o  -o cmTC_a73dc -rdynamic 
CMakeFiles/cmTC_a73dc.dir/CheckSymbolExists.c.o: In function `main':
CheckSymbolExists.c:(.text+0x16): undefined reference to `pthread_create'
collect2: error: ld returned 1 exit status
CMakeFiles/cmTC_a73dc.dir/build.make:97: recipe for target 'cmTC_a73dc' failed
gmake[1]: *** [cmTC_a73dc] Error 1
gmake[1]: Leaving directory '/media/Documents/15418/final/Combined/src/VRRayTracing/CMakeFiles/CMakeTmp'
Makefile:126: recipe for target 'cmTC_a73dc/fast' failed
gmake: *** [cmTC_a73dc/fast] Error 2

File /home/zach/Documents/15418/final/Combined/src/VRRayTracing/CMakeFiles/CMakeTmp/CheckSymbolExists.c:
/* */
#include <pthread.h>

int main(int argc, char** argv)
{
  (void)argv;
#ifndef pthread_create
  return ((int*)(&pthread_create))[argc];
#else
  (void)argc;
  return 0;
#endif
}

Determining if the function pthread_create exists in the pthreads failed with the following output:
Change Dir: /home/zach/Documents/15418/final/Combined/src/VRRayTracing/CMakeFiles/CMakeTmp

Run Build Command:"/usr/bin/gmake" "cmTC_32b5c/fast"
/usr/bin/gmake -f CMakeFiles/cmTC_32b5c.dir/build.make CMakeFiles/cmTC_32b5c.dir/build
gmake[1]: Entering directory '/media/Documents/15418/final/Combined/src/VRRayTracing/CMakeFiles/CMakeTmp'
Building C object CMakeFiles/cmTC_32b5c.dir/CheckFunctionExists.c.o
/usr/local/bin/gcc   -DCHECK_FUNCTION_EXISTS=pthread_create   -o CMakeFiles/cmTC_32b5c.dir/CheckFunctionExists.c.o   -c /usr/share/cmake/Modules/CheckFunctionExists.c
Linking C executable cmTC_32b5c
/usr/bin/cmake -E cmake_link_script CMakeFiles/cmTC_32b5c.dir/link.txt --verbose=1
/usr/local/bin/gcc   -DCHECK_FUNCTION_EXISTS=pthread_create    CMakeFiles/cmTC_32b5c.dir/CheckFunctionExists.c.o  -o cmTC_32b5c -rdynamic -lpthreads 
/usr/bin/ld: cannot find -lpthreads
collect2: error: ld returned 1 exit status
CMakeFiles/cmTC_32b5c.dir/build.make:97: recipe for target 'cmTC_32b5c' failed
gmake[1]: *** [cmTC_32b5c] Error 1
gmake[1]: Leaving directory '/media/Documents/15418/final/Combined/src/VRRayTracing/CMakeFiles/CMakeTmp'
Makefile:126: recipe for target 'cmTC_32b5c/fast' failed
gmake: *** [cmTC_32b5c/fast] Error 2


